---------------------------------------------------------------
[ 2018-12-16T12:54:37+08:00 ] ::1 GET bd.manong.cc/store/goods_database/index.html?spm=m-32-33-52
[ error ] [8]未定义数组索引: brand_title[C:\Users\Dongyao001\Desktop\manong\runtime\temp\eff8a1b4b6cf8bbe789e60694ab05d4c.php:81]
---------------------------------------------------------------
[ 2018-12-16T12:54:48+08:00 ] ::1 GET bd.manong.cc/store/goods_database/index.html?spm=m-32-33-52
[ error ] [8]未定义数组索引: brand_title[C:\Users\Dongyao001\Desktop\manong\runtime\temp\eff8a1b4b6cf8bbe789e60694ab05d4c.php:81]
---------------------------------------------------------------
[ 2018-12-16T12:55:52+08:00 ] ::1 GET bd.manong.cc/store/goods_database/index.html?spm=m-32-33-52&brand_title=mys&create_at=
[ error ] [10501]SQLSTATE[42S22]: Column not found: 1054 Unknown column 'brand_title' in 'where clause'[C:\Users\Dongyao001\Desktop\manong\thinkphp\library\think\db\Connection.php:685]
---------------------------------------------------------------
[ 2018-12-16T13:19:23+08:00 ] ::1 GET bd.manong.cc/store/goods_spec/index.html?spm=m-32-33-35
[ error ] [8]未定义数组索引: spec_param[C:\Users\Dongyao001\Desktop\manong\application\store\controller\GoodsSpec.php:67]
---------------------------------------------------------------
[ 2018-12-16T13:20:20+08:00 ] ::1 GET bd.manong.cc/store/goods_spec/index.html?spm=m-32-33-35
[ error ] [8]未定义数组索引: spec_param[C:\Users\Dongyao001\Desktop\manong\application\store\controller\GoodsSpec.php:67]
---------------------------------------------------------------
[ 2018-12-16T13:20:55+08:00 ] ::1 GET bd.manong.cc/store/goods_spec/index.html?spm=m-32-33-35
[ error ] [8]未定义数组索引: spec_param[C:\Users\Dongyao001\Desktop\manong\runtime\temp\113e0fcb1701ee56c3c328d3c50862ea.php:84]
---------------------------------------------------------------
[ 2018-12-16T13:21:47+08:00 ] ::1 GET bd.manong.cc/store/goods_spec/index.html?spm=m-32-33-35
[ error ] [8]未定义数组索引: spec_param[C:\Users\Dongyao001\Desktop\manong\runtime\temp\113e0fcb1701ee56c3c328d3c50862ea.php:84]
---------------------------------------------------------------
[ 2018-12-16T13:22:22+08:00 ] ::1 GET bd.manong.cc/store/goods_spec/index.html?spm=m-32-33-35
[ error ] [8]未定义数组索引: spec_param[C:\Users\Dongyao001\Desktop\manong\runtime\temp\113e0fcb1701ee56c3c328d3c50862ea.php:84]
---------------------------------------------------------------
[ 2018-12-16T13:23:05+08:00 ] ::1 GET bd.manong.cc/store/goods_spec/index.html?spm=m-32-33-35
[ error ] [8]未定义数组索引: spec_param[C:\Users\Dongyao001\Desktop\manong\application\store\controller\GoodsSpec.php:67]
---------------------------------------------------------------
[ 2018-12-16T13:23:43+08:00 ] ::1 GET bd.manong.cc/store/goods/index.html?spm=m-32-33-34
[ error ] [10501]SQLSTATE[42S22]: Column not found: 1054 Unknown column 'brand_logo' in 'field list'[C:\Users\Dongyao001\Desktop\manong\thinkphp\library\think\db\Connection.php:685]
---------------------------------------------------------------
[ 2018-12-16T13:23:46+08:00 ] ::1 GET bd.manong.cc/store/goods/index.html?spm=m-32-33-34
[ error ] [10501]SQLSTATE[42S22]: Column not found: 1054 Unknown column 'brand_logo' in 'field list'[C:\Users\Dongyao001\Desktop\manong\thinkphp\library\think\db\Connection.php:685]
---------------------------------------------------------------
[ 2018-12-16T13:24:11+08:00 ] ::1 GET bd.manong.cc/store/goods/index.html?spm=m-32-33-34
[ error ] [10501]SQLSTATE[42S22]: Column not found: 1054 Unknown column 'brand_logo' in 'field list'[C:\Users\Dongyao001\Desktop\manong\thinkphp\library\think\db\Connection.php:685]
---------------------------------------------------------------
[ 2018-12-16T13:25:42+08:00 ] ::1 GET bd.manong.cc/store/goods/index.html?spm=m-32-33-34
[ error ] [10501]SQLSTATE[42S22]: Column not found: 1054 Unknown column 'brand_logo' in 'field list'[C:\Users\Dongyao001\Desktop\manong\thinkphp\library\think\db\Connection.php:685]
---------------------------------------------------------------
[ 2018-12-16T13:30:58+08:00 ] ::1 GET bd.manong.cc/store/goods/index.html?spm=m-32-33-34
[ error ] [10501]SQLSTATE[42S22]: Column not found: 1054 Unknown column 'brand_logo' in 'field list'[C:\Users\Dongyao001\Desktop\manong\thinkphp\library\think\db\Connection.php:685]
---------------------------------------------------------------
[ 2018-12-16T13:31:05+08:00 ] ::1 GET bd.manong.cc/store/goods/index.html?spm=m-32-33-34
[ error ] [10501]SQLSTATE[42S22]: Column not found: 1054 Unknown column 'brand_logo' in 'field list'[C:\Users\Dongyao001\Desktop\manong\thinkphp\library\think\db\Connection.php:685]
---------------------------------------------------------------
[ 2018-12-16T13:31:10+08:00 ] ::1 GET bd.manong.cc/store/goods_language/index.html?spm=m-32-33-53
[ error ] [8]未定义数组索引: database[C:\Users\Dongyao001\Desktop\manong\runtime\temp\544de9ac1390d1506f27465588bb2228.php:81]
---------------------------------------------------------------
[ 2018-12-16T13:33:00+08:00 ] ::1 GET bd.manong.cc/store/goods_language/edit.html?id=7&spm=m-32-33-53
[ error ] [64]Cannot use isset() on the result of an expression (you can use "null !== expression" instead)[C:\Users\Dongyao001\Desktop\manong\runtime\temp\7715c56520e4d21b21097196169df044.php:17]
---------------------------------------------------------------
[ 2018-12-16T13:33:04+08:00 ] ::1 GET bd.manong.cc/store/goods_language/edit.html?id=7&spm=m-32-33-53
[ error ] [64]Cannot use isset() on the result of an expression (you can use "null !== expression" instead)[C:\Users\Dongyao001\Desktop\manong\runtime\temp\7715c56520e4d21b21097196169df044.php:17]
---------------------------------------------------------------
[ 2018-12-16T13:33:54+08:00 ] ::1 GET bd.manong.cc/store/goods_language/add.html?spm=m-32-33-53
[ error ] [64]Cannot use isset() on the result of an expression (you can use "null !== expression" instead)[C:\Users\Dongyao001\Desktop\manong\runtime\temp\7715c56520e4d21b21097196169df044.php:17]
---------------------------------------------------------------
[ 2018-12-16T13:40:25+08:00 ] ::1 GET bd.manong.cc/store/goods/index.html?spm=m-32-33-34
[ error ] [10501]SQLSTATE[42S22]: Column not found: 1054 Unknown column 'brand_logo' in 'field list'[C:\Users\Dongyao001\Desktop\manong\thinkphp\library\think\db\Connection.php:685]
---------------------------------------------------------------
[ 2018-12-16T13:42:58+08:00 ] ::1 GET bd.manong.cc/store/goods/index.html?spm=m-32-33-34
[ error ] [10501]SQLSTATE[42S22]: Column not found: 1054 Unknown column 'brand_logo' in 'field list'[C:\Users\Dongyao001\Desktop\manong\thinkphp\library\think\db\Connection.php:685]
---------------------------------------------------------------
[ 2018-12-16T13:43:15+08:00 ] ::1 GET bd.manong.cc/store/goods/index.html?spm=m-32-33-34
[ error ] [10501]SQLSTATE[42S22]: Column not found: 1054 Unknown column 'brand_logo' in 'field list'[C:\Users\Dongyao001\Desktop\manong\thinkphp\library\think\db\Connection.php:685]
---------------------------------------------------------------
[ 2018-12-16T13:46:08+08:00 ] ::1 GET bd.manong.cc/store/goods/add.html?spm=m-32-33-34
[ error ] [8]未定义数组索引: spec_param[C:\Users\Dongyao001\Desktop\manong\runtime\temp\03f8c490015ee27fba1d3278a053efa6.php:137]
---------------------------------------------------------------
[ 2018-12-16T13:54:37+08:00 ] ::1 GET bd.manong.cc/store/goods/add.html?spm=m-32-33-34
[ error ] [8]未定义变量: tags[C:\Users\Dongyao001\Desktop\manong\runtime\temp\03f8c490015ee27fba1d3278a053efa6.php:93]
