---------------------------------------------------------------
[ 2018-12-17T10:16:33+08:00 ] ::1 GET bd.manong.cc/store/goods/index.html?spm=m-32-33-34
[ error ] [10501]SQLSTATE[42S22]: Column not found: 1054 Unknown column 'brand_desc' in 'field list'[C:\Users\Dongyao001\Desktop\manong\thinkphp\library\think\db\Connection.php:685]
---------------------------------------------------------------
[ 2018-12-17T10:16:52+08:00 ] ::1 GET bd.manong.cc/store/goods/index.html?spm=m-32-33-34
[ error ] [10501]SQLSTATE[42S22]: Column not found: 1054 Unknown column 'brand_desc' in 'field list'[C:\Users\Dongyao001\Desktop\manong\thinkphp\library\think\db\Connection.php:685]
---------------------------------------------------------------
[ 2018-12-17T10:22:25+08:00 ] ::1 GET bd.manong.cc/store/goods/add.html?spm=m-32-33-34
[ error ] [8]未定义变量: database[C:\Users\Dongyao001\Desktop\manong\runtime\temp\03f8c490015ee27fba1d3278a053efa6.php:89]
---------------------------------------------------------------
[ 2018-12-17T10:22:58+08:00 ] ::1 GET bd.manong.cc/store/goods/add.html?spm=m-32-33-34
[ error ] [8]未定义变量: Qdatabase[C:\Users\Dongyao001\Desktop\manong\application\store\controller\Goods.php:193]
---------------------------------------------------------------
[ 2018-12-17T11:26:57+08:00 ] ::1 GET bd.manong.cc/store/goods/index.html?spm=m-32-33-34&goods_title=&cate_id=&create_at=
[ error ] [4]语法错误: unexpected 'endif' (T_ENDIF)[C:\Users\Dongyao001\Desktop\manong\runtime\temp\c1c0f347a4375942fe41a6b49f57c7a2.php:121]
---------------------------------------------------------------
[ 2018-12-17T11:27:05+08:00 ] ::1 GET bd.manong.cc/store/goods/index.html?spm=m-32-33-34&goods_title=&cate_id=&create_at=
[ error ] [4]语法错误: unexpected 'endif' (T_ENDIF)[C:\Users\Dongyao001\Desktop\manong\runtime\temp\c1c0f347a4375942fe41a6b49f57c7a2.php:121]
---------------------------------------------------------------
[ 2018-12-17T11:34:59+08:00 ] ::1 GET bd.manong.cc/store/goods/index.html?spm=m-32-33-34&goods_title=&cate_id=&create_at=
[ error ] [8]未定义变量: field[C:\Users\Dongyao001\Desktop\manong\application\store\controller\Goods.php:59]
---------------------------------------------------------------
[ 2018-12-17T11:45:06+08:00 ] ::1 GET bd.manong.cc/store/goods/index.html?spm=m-32-33-34&goods_title=&cate_id=&create_at=
[ error ] [4]语法错误: unexpected ','[C:\Users\Dongyao001\Desktop\manong\application\store\service\GoodsService.php:48]
---------------------------------------------------------------
[ 2018-12-17T11:48:17+08:00 ] ::1 GET bd.manong.cc/store/goods/index.html?spm=m-32-33-34&goods_title=&cate_id=&create_at=
[ error ] [4]语法错误: unexpected ','[C:\Users\Dongyao001\Desktop\manong\application\store\service\GoodsService.php:48]
---------------------------------------------------------------
[ 2018-12-17T11:48:31+08:00 ] ::1 GET bd.manong.cc/store/goods/index.html?spm=m-32-33-34&goods_title=&cate_id=&create_at=
[ error ] [4]语法错误: unexpected ','[C:\Users\Dongyao001\Desktop\manong\application\store\service\GoodsService.php:48]
---------------------------------------------------------------
[ 2018-12-17T11:49:05+08:00 ] ::1 GET bd.manong.cc/store/goods/index.html?spm=m-32-33-34&goods_title=&cate_id=&create_at=
[ error ] [4]语法错误: unexpected ','[C:\Users\Dongyao001\Desktop\manong\application\store\service\GoodsService.php:48]
---------------------------------------------------------------
[ 2018-12-17T11:49:28+08:00 ] ::1 GET bd.manong.cc/store/goods/index.html?spm=m-32-33-34&goods_title=&cate_id=&create_at=
[ error ] [4]语法错误: unexpected '}'[C:\Users\Dongyao001\Desktop\manong\application\store\service\GoodsService.php:90]
---------------------------------------------------------------
[ 2018-12-17T11:53:32+08:00 ] ::1 GET bd.manong.cc/store/goods/index.html?spm=m-32-33-34&goods_title=&cate_id=&create_at=
[ error ] [8]未定义数组索引: brand[C:\Users\Dongyao001\Desktop\manong\application\store\controller\Goods.php:79]
---------------------------------------------------------------
[ 2018-12-17T11:53:53+08:00 ] ::1 GET bd.manong.cc/store/goods/index.html?spm=m-32-33-34&goods_title=&cate_id=&create_at=
[ error ] [8]未定义数组索引: brand[C:\Users\Dongyao001\Desktop\manong\application\store\controller\Goods.php:79]
---------------------------------------------------------------
[ 2018-12-17T13:52:50+08:00 ] ::1 GET bd.manong.cc/store/goods/index.html?spm=m-32-33-34&goods_title=&cate_id=&create_at=
[ error ] [8]未定义数组索引: database[C:\Users\Dongyao001\Desktop\manong\application\store\controller\Goods.php:82]
---------------------------------------------------------------
[ 2018-12-17T13:55:07+08:00 ] ::1 GET bd.manong.cc/store/goods/index.html?spm=m-32-33-34&goods_title=&cate_id=&create_at=
[ error ] [8]未定义数组索引: language[C:\Users\Dongyao001\Desktop\manong\runtime\temp\c1c0f347a4375942fe41a6b49f57c7a2.php:120]
---------------------------------------------------------------
[ 2018-12-17T13:55:26+08:00 ] ::1 GET bd.manong.cc/store/goods/index.html?spm=m-32-33-34&goods_title=&cate_id=&create_at=
[ error ] [8]Use of undefined constant language - assumed 'language'[C:\Users\Dongyao001\Desktop\manong\runtime\temp\c1c0f347a4375942fe41a6b49f57c7a2.php:120]
