---------------------------------------------------------------
[ 2018-12-21T17:56:14+08:00 ] ::1 GET bd.manong.cc/
[ sql ] [ DB ] CONNECT:[ UseTime:0.006740s ] mysql:host=127.0.0.1;port=3306;dbname=manong;charset=utf8
[ sql ] [ SQL ] SHOW COLUMNS FROM `system_node` [ RunTime:0.053850s ]
[ sql ] [ SQL ] SELECT * FROM `system_node` WHERE  `node` = 'index/index/index' LIMIT 1 [ RunTime:0.005892s ]
---------------------------------------------------------------
[ 2018-12-21T17:56:16+08:00 ] ::1 GET bd.manong.cc/index.php?c=api&m=html&name=user&format=jsonp&callback=jQuery111101259618104500626_1545386174698&_=1545386174699
[ sql ] [ DB ] CONNECT:[ UseTime:0.000744s ] mysql:host=127.0.0.1;port=3306;dbname=manong;charset=utf8
[ sql ] [ SQL ] SHOW COLUMNS FROM `system_node` [ RunTime:0.012667s ]
[ sql ] [ SQL ] SELECT * FROM `system_node` WHERE  `node` = 'index/index/index' LIMIT 1 [ RunTime:0.000720s ]
---------------------------------------------------------------
[ 2018-12-21T17:56:18+08:00 ] ::1 GET bd.manong.cc/index/member/index
[ sql ] [ DB ] CONNECT:[ UseTime:0.001045s ] mysql:host=127.0.0.1;port=3306;dbname=manong;charset=utf8
[ sql ] [ SQL ] SHOW COLUMNS FROM `system_node` [ RunTime:0.009550s ]
[ sql ] [ SQL ] SELECT * FROM `system_node` WHERE  `node` = 'index/member/index' LIMIT 1 [ RunTime:0.000763s ]
---------------------------------------------------------------
[ 2018-12-21T17:56:21+08:00 ] ::1 GET bd.manong.cc/index/member/account
[ sql ] [ DB ] CONNECT:[ UseTime:0.000678s ] mysql:host=127.0.0.1;port=3306;dbname=manong;charset=utf8
[ sql ] [ SQL ] SHOW COLUMNS FROM `system_node` [ RunTime:0.010662s ]
[ sql ] [ SQL ] SELECT * FROM `system_node` WHERE  `node` = 'index/member/account' LIMIT 1 [ RunTime:0.000629s ]
---------------------------------------------------------------
[ 2018-12-21T17:56:22+08:00 ] ::1 GET bd.manong.cc/index/member/upgrade
[ sql ] [ DB ] CONNECT:[ UseTime:0.001421s ] mysql:host=127.0.0.1;port=3306;dbname=manong;charset=utf8
[ sql ] [ SQL ] SHOW COLUMNS FROM `system_node` [ RunTime:0.010183s ]
[ sql ] [ SQL ] SELECT * FROM `system_node` WHERE  `node` = 'index/member/upgrade' LIMIT 1 [ RunTime:0.000564s ]
---------------------------------------------------------------
[ 2018-12-21T17:56:24+08:00 ] ::1 GET bd.manong.cc/index/member/Picture/b3b18eece5.png
[ sql ] [ DB ] CONNECT:[ UseTime:0.000634s ] mysql:host=127.0.0.1;port=3306;dbname=manong;charset=utf8
[ sql ] [ SQL ] SHOW COLUMNS FROM `system_node` [ RunTime:0.008896s ]
[ sql ] [ SQL ] SELECT * FROM `system_node` WHERE  `node` = 'index/member/picture' LIMIT 1 [ RunTime:0.000679s ]
---------------------------------------------------------------
[ 2018-12-21T17:56:25+08:00 ] ::1 GET bd.manong.cc/index/member/upgrade
[ sql ] [ DB ] CONNECT:[ UseTime:0.000649s ] mysql:host=127.0.0.1;port=3306;dbname=manong;charset=utf8
[ sql ] [ SQL ] SHOW COLUMNS FROM `system_node` [ RunTime:0.012582s ]
[ sql ] [ SQL ] SELECT * FROM `system_node` WHERE  `node` = 'index/member/upgrade' LIMIT 1 [ RunTime:0.000991s ]
---------------------------------------------------------------
[ 2018-12-21T17:56:25+08:00 ] ::1 GET bd.manong.cc/index/member/Picture/b3b18eece5.png
[ sql ] [ DB ] CONNECT:[ UseTime:0.000760s ] mysql:host=127.0.0.1;port=3306;dbname=manong;charset=utf8
[ sql ] [ SQL ] SHOW COLUMNS FROM `system_node` [ RunTime:0.011889s ]
[ sql ] [ SQL ] SELECT * FROM `system_node` WHERE  `node` = 'index/member/picture' LIMIT 1 [ RunTime:0.002351s ]
---------------------------------------------------------------
[ 2018-12-21T17:56:26+08:00 ] ::1 GET bd.manong.cc/index/member/notice
[ sql ] [ DB ] CONNECT:[ UseTime:0.000687s ] mysql:host=127.0.0.1;port=3306;dbname=manong;charset=utf8
[ sql ] [ SQL ] SHOW COLUMNS FROM `system_node` [ RunTime:0.009177s ]
[ sql ] [ SQL ] SELECT * FROM `system_node` WHERE  `node` = 'index/member/notice' LIMIT 1 [ RunTime:0.000516s ]
---------------------------------------------------------------
[ 2018-12-21T17:56:30+08:00 ] ::1 GET bd.manong.cc/index/member/mindex
[ sql ] [ DB ] CONNECT:[ UseTime:0.000801s ] mysql:host=127.0.0.1;port=3306;dbname=manong;charset=utf8
[ sql ] [ SQL ] SHOW COLUMNS FROM `system_node` [ RunTime:0.013691s ]
[ sql ] [ SQL ] SELECT * FROM `system_node` WHERE  `node` = 'index/member/mindex' LIMIT 1 [ RunTime:0.001334s ]
---------------------------------------------------------------
[ 2018-12-21T17:56:31+08:00 ] ::1 GET bd.manong.cc/index/member/add
[ sql ] [ DB ] CONNECT:[ UseTime:0.000594s ] mysql:host=127.0.0.1;port=3306;dbname=manong;charset=utf8
[ sql ] [ SQL ] SHOW COLUMNS FROM `system_node` [ RunTime:0.013504s ]
[ sql ] [ SQL ] SELECT * FROM `system_node` WHERE  `node` = 'index/member/add' LIMIT 1 [ RunTime:0.000454s ]
[ sql ] [ SQL ] SHOW COLUMNS FROM `store_goods_cate` [ RunTime:0.016033s ]
[ sql ] [ SQL ] SELECT * FROM `store_goods_cate` WHERE  `pid` = 1 [ RunTime:0.001476s ]
[ sql ] [ SQL ] SHOW COLUMNS FROM `store_goods_brand` [ RunTime:0.015828s ]
[ sql ] [ SQL ] SELECT * FROM `store_goods_brand` [ RunTime:0.000599s ]
[ sql ] [ SQL ] SHOW COLUMNS FROM `store_language` [ RunTime:0.015841s ]
[ sql ] [ SQL ] SELECT * FROM `store_language` [ RunTime:0.000414s ]
[ sql ] [ SQL ] SHOW COLUMNS FROM `store_database` [ RunTime:0.013165s ]
[ sql ] [ SQL ] SELECT * FROM `store_database` [ RunTime:0.001084s ]
---------------------------------------------------------------
[ 2018-12-21T17:56:34+08:00 ] ::1 POST bd.manong.cc/index/member/add
[ sql ] [ DB ] CONNECT:[ UseTime:0.000610s ] mysql:host=127.0.0.1;port=3306;dbname=manong;charset=utf8
[ sql ] [ SQL ] SHOW COLUMNS FROM `system_node` [ RunTime:0.008407s ]
[ sql ] [ SQL ] SELECT * FROM `system_node` WHERE  `node` = 'index/member/add' LIMIT 1 [ RunTime:0.000455s ]
[ sql ] [ SQL ] SHOW COLUMNS FROM `store_goods_cate` [ RunTime:0.009839s ]
[ sql ] [ SQL ] SELECT * FROM `store_goods_cate` WHERE  `pid` = 1 [ RunTime:0.001009s ]
[ sql ] [ SQL ] SHOW COLUMNS FROM `store_goods_brand` [ RunTime:0.013582s ]
[ sql ] [ SQL ] SELECT * FROM `store_goods_brand` [ RunTime:0.000401s ]
[ sql ] [ SQL ] SHOW COLUMNS FROM `store_language` [ RunTime:0.014638s ]
[ sql ] [ SQL ] SELECT * FROM `store_language` [ RunTime:0.000515s ]
[ sql ] [ SQL ] SHOW COLUMNS FROM `store_database` [ RunTime:0.015309s ]
[ sql ] [ SQL ] SELECT * FROM `store_database` [ RunTime:0.000454s ]
---------------------------------------------------------------
[ 2018-12-21T17:56:35+08:00 ] ::1 POST bd.manong.cc/index/member/add
[ sql ] [ DB ] CONNECT:[ UseTime:0.000623s ] mysql:host=127.0.0.1;port=3306;dbname=manong;charset=utf8
[ sql ] [ SQL ] SHOW COLUMNS FROM `system_node` [ RunTime:0.009568s ]
[ sql ] [ SQL ] SELECT * FROM `system_node` WHERE  `node` = 'index/member/add' LIMIT 1 [ RunTime:0.000493s ]
[ sql ] [ SQL ] SHOW COLUMNS FROM `store_goods_cate` [ RunTime:0.008558s ]
[ sql ] [ SQL ] SELECT * FROM `store_goods_cate` WHERE  `pid` = 1 [ RunTime:0.000414s ]
[ sql ] [ SQL ] SHOW COLUMNS FROM `store_goods_brand` [ RunTime:0.013111s ]
[ sql ] [ SQL ] SELECT * FROM `store_goods_brand` [ RunTime:0.000375s ]
[ sql ] [ SQL ] SHOW COLUMNS FROM `store_language` [ RunTime:0.012406s ]
[ sql ] [ SQL ] SELECT * FROM `store_language` [ RunTime:0.000350s ]
[ sql ] [ SQL ] SHOW COLUMNS FROM `store_database` [ RunTime:0.012507s ]
[ sql ] [ SQL ] SELECT * FROM `store_database` [ RunTime:0.000494s ]
---------------------------------------------------------------
[ 2018-12-21T17:56:36+08:00 ] ::1 POST bd.manong.cc/index/member/add
[ sql ] [ DB ] CONNECT:[ UseTime:0.000603s ] mysql:host=127.0.0.1;port=3306;dbname=manong;charset=utf8
[ sql ] [ SQL ] SHOW COLUMNS FROM `system_node` [ RunTime:0.018579s ]
[ sql ] [ SQL ] SELECT * FROM `system_node` WHERE  `node` = 'index/member/add' LIMIT 1 [ RunTime:0.000571s ]
[ sql ] [ SQL ] SHOW COLUMNS FROM `store_goods_cate` [ RunTime:0.014402s ]
[ sql ] [ SQL ] SELECT * FROM `store_goods_cate` WHERE  `pid` = 1 [ RunTime:0.000588s ]
[ sql ] [ SQL ] SHOW COLUMNS FROM `store_goods_brand` [ RunTime:0.015726s ]
[ sql ] [ SQL ] SELECT * FROM `store_goods_brand` [ RunTime:0.001101s ]
[ sql ] [ SQL ] SHOW COLUMNS FROM `store_language` [ RunTime:0.011627s ]
[ sql ] [ SQL ] SELECT * FROM `store_language` [ RunTime:0.000521s ]
[ sql ] [ SQL ] SHOW COLUMNS FROM `store_database` [ RunTime:0.012127s ]
[ sql ] [ SQL ] SELECT * FROM `store_database` [ RunTime:0.000348s ]
---------------------------------------------------------------
[ 2018-12-21T17:56:37+08:00 ] ::1 POST bd.manong.cc/index/member/add
[ sql ] [ DB ] CONNECT:[ UseTime:0.002745s ] mysql:host=127.0.0.1;port=3306;dbname=manong;charset=utf8
[ sql ] [ SQL ] SHOW COLUMNS FROM `system_node` [ RunTime:0.009585s ]
[ sql ] [ SQL ] SELECT * FROM `system_node` WHERE  `node` = 'index/member/add' LIMIT 1 [ RunTime:0.000438s ]
[ sql ] [ SQL ] SHOW COLUMNS FROM `store_goods_cate` [ RunTime:0.015682s ]
[ sql ] [ SQL ] SELECT * FROM `store_goods_cate` WHERE  `pid` = 1 [ RunTime:0.000573s ]
[ sql ] [ SQL ] SHOW COLUMNS FROM `store_goods_brand` [ RunTime:0.013776s ]
[ sql ] [ SQL ] SELECT * FROM `store_goods_brand` [ RunTime:0.000376s ]
[ sql ] [ SQL ] SHOW COLUMNS FROM `store_language` [ RunTime:0.014152s ]
[ sql ] [ SQL ] SELECT * FROM `store_language` [ RunTime:0.000355s ]
[ sql ] [ SQL ] SHOW COLUMNS FROM `store_database` [ RunTime:0.011049s ]
[ sql ] [ SQL ] SELECT * FROM `store_database` [ RunTime:0.001069s ]
---------------------------------------------------------------
[ 2018-12-21T17:56:43+08:00 ] ::1 GET bd.manong.cc/admin
[ sql ] [ DB ] CONNECT:[ UseTime:0.000592s ] mysql:host=127.0.0.1;port=3306;dbname=manong;charset=utf8
[ sql ] [ SQL ] SHOW COLUMNS FROM `system_node` [ RunTime:0.067763s ]
[ sql ] [ SQL ] SELECT * FROM `system_node` WHERE  `node` = 'admin/index/index' LIMIT 1 [ RunTime:0.000515s ]
[ sql ] [ SQL ] SHOW COLUMNS FROM `system_menu` [ RunTime:0.015675s ]
[ sql ] [ SQL ] SELECT * FROM `system_menu` WHERE  `status` = 1 ORDER BY `sort` ASC,`id` ASC [ RunTime:0.002171s ]
[ sql ] [ SQL ] SELECT `node`,`is_menu`,`is_auth`,`is_login`,`title` FROM `system_node` [ RunTime:0.000649s ]
[ sql ] [ SQL ] SHOW COLUMNS FROM `system_config` [ RunTime:0.011691s ]
[ sql ] [ SQL ] SELECT `name`,`value` FROM `system_config` [ RunTime:0.001059s ]
---------------------------------------------------------------
[ 2018-12-21T17:56:43+08:00 ] ::1 GET bd.manong.cc/admin/index/main.html?spm=m-7
[ sql ] [ DB ] CONNECT:[ UseTime:0.000636s ] mysql:host=127.0.0.1;port=3306;dbname=manong;charset=utf8
[ sql ] [ SQL ] SHOW COLUMNS FROM `system_node` [ RunTime:0.020002s ]
[ sql ] [ SQL ] SELECT * FROM `system_node` WHERE  `node` = 'admin/index/main' LIMIT 1 [ RunTime:0.001101s ]
[ sql ] [ SQL ] select version() as ver [ RunTime:0.003246s ]
[ sql ] [ SQL ] SHOW COLUMNS FROM `system_config` [ RunTime:0.012382s ]
[ sql ] [ SQL ] SELECT `name`,`value` FROM `system_config` [ RunTime:0.000805s ]
---------------------------------------------------------------
[ 2018-12-21T17:56:45+08:00 ] ::1 GET bd.manong.cc/store/goods_database/index.html?spm=m-32-33-52
[ sql ] [ DB ] CONNECT:[ UseTime:0.000844s ] mysql:host=127.0.0.1;port=3306;dbname=manong;charset=utf8
[ sql ] [ SQL ] SHOW COLUMNS FROM `system_node` [ RunTime:0.015237s ]
[ sql ] [ SQL ] SELECT * FROM `system_node` WHERE  `node` = 'store/goods_database/index' LIMIT 1 [ RunTime:0.001195s ]
[ sql ] [ SQL ] SHOW COLUMNS FROM `store_database` [ RunTime:0.015000s ]
[ sql ] [ SQL ] SELECT COUNT(*) AS tp_count FROM `store_database` WHERE  `is_deleted` = 0 LIMIT 1 [ RunTime:0.003322s ]
[ sql ] [ SQL ] SELECT * FROM `store_database` WHERE  `is_deleted` = 0 ORDER BY `sort` ASC,`id` DESC LIMIT 0,20 [ RunTime:0.001097s ]
[ sql ] [ SQL ] SELECT `node` FROM `system_node` WHERE  `is_auth` = 1 [ RunTime:0.001406s ]
---------------------------------------------------------------
[ 2018-12-21T17:56:46+08:00 ] ::1 GET bd.manong.cc/admin/login.html
[ sql ] [ DB ] CONNECT:[ UseTime:0.001385s ] mysql:host=127.0.0.1;port=3306;dbname=manong;charset=utf8
[ sql ] [ SQL ] SHOW COLUMNS FROM `system_node` [ RunTime:0.009793s ]
[ sql ] [ SQL ] SELECT * FROM `system_node` WHERE  `node` = 'admin/login/index' LIMIT 1 [ RunTime:0.001228s ]
[ sql ] [ SQL ] SHOW COLUMNS FROM `system_config` [ RunTime:0.009311s ]
[ sql ] [ SQL ] SELECT `name`,`value` FROM `system_config` [ RunTime:0.000491s ]
---------------------------------------------------------------
[ 2018-12-21T17:56:50+08:00 ] ::1 POST bd.manong.cc/admin/login.html?spm=
[ sql ] [ DB ] CONNECT:[ UseTime:0.000601s ] mysql:host=127.0.0.1;port=3306;dbname=manong;charset=utf8
[ sql ] [ SQL ] SHOW COLUMNS FROM `system_node` [ RunTime:0.017063s ]
[ sql ] [ SQL ] SELECT * FROM `system_node` WHERE  `node` = 'admin/login/index' LIMIT 1 [ RunTime:0.004575s ]
[ sql ] [ SQL ] SHOW COLUMNS FROM `system_user` [ RunTime:0.033517s ]
[ sql ] [ SQL ] SELECT * FROM `system_user` WHERE  `username` = 'admin'  AND `is_deleted` = 0 LIMIT 1 [ RunTime:0.001452s ]
---------------------------------------------------------------
[ 2018-12-21T17:56:55+08:00 ] ::1 POST bd.manong.cc/admin/login.html?spm=
[ sql ] [ DB ] CONNECT:[ UseTime:0.000813s ] mysql:host=127.0.0.1;port=3306;dbname=manong;charset=utf8
[ sql ] [ SQL ] SHOW COLUMNS FROM `system_node` [ RunTime:0.014564s ]
[ sql ] [ SQL ] SELECT * FROM `system_node` WHERE  `node` = 'admin/login/index' LIMIT 1 [ RunTime:0.000502s ]
[ sql ] [ SQL ] SHOW COLUMNS FROM `system_user` [ RunTime:0.009024s ]
[ sql ] [ SQL ] SELECT * FROM `system_user` WHERE  `username` = 'admin'  AND `is_deleted` = 0 LIMIT 1 [ RunTime:0.000540s ]
[ sql ] [ SQL ] UPDATE `system_user`  SET `login_at` = now() , `login_num` = login_num+1  WHERE  `id` = 10000 [ RunTime:0.027686s ]
[ sql ] [ SQL ] SELECT * FROM `system_user` WHERE  `id` = 10000 LIMIT 1 [ RunTime:0.000494s ]
[ sql ] [ SQL ] SHOW COLUMNS FROM `system_auth` [ RunTime:0.017363s ]
[ sql ] [ SQL ] SELECT `id` FROM `system_auth` WHERE  `id` IN (2,4)  AND `status` = 1 [ RunTime:0.005217s ]
[ sql ] [ SQL ] SHOW COLUMNS FROM `system_log` [ RunTime:0.031148s ]
[ sql ] [ SQL ] INSERT INTO `system_log` (`ip` , `node` , `action` , `content` , `username`) VALUES ('::1' , 'admin/login/index' , '系统管理' , '用户登录系统成功' , 'admin') [ RunTime:0.003030s ]
---------------------------------------------------------------
[ 2018-12-21T17:56:56+08:00 ] ::1 GET bd.manong.cc/admin/login/admin.html
[ sql ] [ DB ] CONNECT:[ UseTime:0.001617s ] mysql:host=127.0.0.1;port=3306;dbname=manong;charset=utf8
[ sql ] [ SQL ] SHOW COLUMNS FROM `system_node` [ RunTime:0.011800s ]
[ sql ] [ SQL ] SELECT * FROM `system_node` WHERE  `node` = 'admin/login/admin' LIMIT 1 [ RunTime:0.000578s ]
---------------------------------------------------------------
[ 2018-12-21T17:56:56+08:00 ] ::1 GET bd.manong.cc/admin.html
[ sql ] [ DB ] CONNECT:[ UseTime:0.011934s ] mysql:host=127.0.0.1;port=3306;dbname=manong;charset=utf8
[ sql ] [ SQL ] SHOW COLUMNS FROM `system_node` [ RunTime:0.018556s ]
[ sql ] [ SQL ] SELECT * FROM `system_node` WHERE  `node` = 'admin/index/index' LIMIT 1 [ RunTime:0.002241s ]
[ sql ] [ SQL ] SHOW COLUMNS FROM `system_user` [ RunTime:0.014824s ]
[ sql ] [ SQL ] SELECT * FROM `system_user` WHERE  `id` = 10000 LIMIT 1 [ RunTime:0.001534s ]
[ sql ] [ SQL ] SHOW COLUMNS FROM `system_auth` [ RunTime:0.026073s ]
[ sql ] [ SQL ] SELECT `id` FROM `system_auth` WHERE  `id` IN (2,4)  AND `status` = 1 [ RunTime:0.000925s ]
[ sql ] [ SQL ] SHOW COLUMNS FROM `system_menu` [ RunTime:0.012091s ]
[ sql ] [ SQL ] SELECT * FROM `system_menu` WHERE  `status` = 1 ORDER BY `sort` ASC,`id` ASC [ RunTime:0.000987s ]
[ sql ] [ SQL ] SELECT `node`,`is_menu`,`is_auth`,`is_login`,`title` FROM `system_node` [ RunTime:0.000744s ]
[ sql ] [ SQL ] SHOW COLUMNS FROM `system_config` [ RunTime:0.010341s ]
[ sql ] [ SQL ] SELECT `name`,`value` FROM `system_config` [ RunTime:0.001380s ]
---------------------------------------------------------------
[ 2018-12-21T17:56:57+08:00 ] ::1 GET bd.manong.cc/vote/goods/index?spm=m-43-44-45
[ sql ] [ DB ] CONNECT:[ UseTime:0.000681s ] mysql:host=127.0.0.1;port=3306;dbname=manong;charset=utf8
[ sql ] [ SQL ] SHOW COLUMNS FROM `system_node` [ RunTime:0.008599s ]
[ sql ] [ SQL ] SELECT * FROM `system_node` WHERE  `node` = 'vote/goods/index' LIMIT 1 [ RunTime:0.002294s ]
[ sql ] [ SQL ] SHOW COLUMNS FROM `dy_signup` [ RunTime:0.013225s ]
[ sql ] [ SQL ] SELECT COUNT(*) AS tp_count FROM `dy_signup` WHERE  `status` = '1' LIMIT 1 [ RunTime:0.002666s ]
[ sql ] [ SQL ] SELECT * FROM `dy_signup` WHERE  `status` = '1' ORDER BY `status` DESC,`id` DESC LIMIT 0,20 [ RunTime:0.000547s ]
---------------------------------------------------------------
[ 2018-12-21T17:57:00+08:00 ] ::1 GET bd.manong.cc/admin/menu/index.html?spm=m-1-10-2
[ sql ] [ DB ] CONNECT:[ UseTime:0.000659s ] mysql:host=127.0.0.1;port=3306;dbname=manong;charset=utf8
[ sql ] [ SQL ] SHOW COLUMNS FROM `system_node` [ RunTime:0.015032s ]
[ sql ] [ SQL ] SELECT * FROM `system_node` WHERE  `node` = 'admin/menu/index' LIMIT 1 [ RunTime:0.000506s ]
[ sql ] [ SQL ] SHOW COLUMNS FROM `system_menu` [ RunTime:0.013811s ]
[ sql ] [ SQL ] SELECT * FROM `system_menu` ORDER BY `sort` ASC,`id` ASC [ RunTime:0.002394s ]
---------------------------------------------------------------
[ 2018-12-21T17:57:05+08:00 ] ::1 POST bd.manong.cc/admin/menu/forbid.html?spm=m-1-10-2
[ sql ] [ DB ] CONNECT:[ UseTime:0.000614s ] mysql:host=127.0.0.1;port=3306;dbname=manong;charset=utf8
[ sql ] [ SQL ] SHOW COLUMNS FROM `system_node` [ RunTime:0.014715s ]
[ sql ] [ SQL ] SELECT * FROM `system_node` WHERE  `node` = 'admin/menu/forbid' LIMIT 1 [ RunTime:0.000521s ]
[ sql ] [ SQL ] SHOW COLUMNS FROM `system_menu` [ RunTime:0.009561s ]
[ sql ] [ SQL ] UPDATE `system_menu`  SET `status` = 0  WHERE  `id` IN (43,44,49,51,45,46,50,47,48) [ RunTime:0.005099s ]
---------------------------------------------------------------
[ 2018-12-21T17:57:07+08:00 ] ::1 GET bd.manong.cc/admin.html
[ sql ] [ DB ] CONNECT:[ UseTime:0.007436s ] mysql:host=127.0.0.1;port=3306;dbname=manong;charset=utf8
[ sql ] [ SQL ] SHOW COLUMNS FROM `system_node` [ RunTime:0.015331s ]
[ sql ] [ SQL ] SELECT * FROM `system_node` WHERE  `node` = 'admin/index/index' LIMIT 1 [ RunTime:0.000459s ]
[ sql ] [ SQL ] SHOW COLUMNS FROM `system_user` [ RunTime:0.011227s ]
[ sql ] [ SQL ] SELECT * FROM `system_user` WHERE  `id` = 10000 LIMIT 1 [ RunTime:0.000490s ]
[ sql ] [ SQL ] SHOW COLUMNS FROM `system_auth` [ RunTime:0.008549s ]
[ sql ] [ SQL ] SELECT `id` FROM `system_auth` WHERE  `id` IN (2,4)  AND `status` = 1 [ RunTime:0.000545s ]
[ sql ] [ SQL ] SHOW COLUMNS FROM `system_menu` [ RunTime:0.010484s ]
[ sql ] [ SQL ] SELECT * FROM `system_menu` WHERE  `status` = 1 ORDER BY `sort` ASC,`id` ASC [ RunTime:0.000678s ]
[ sql ] [ SQL ] SELECT `node`,`is_menu`,`is_auth`,`is_login`,`title` FROM `system_node` [ RunTime:0.001753s ]
[ sql ] [ SQL ] SHOW COLUMNS FROM `system_config` [ RunTime:0.010984s ]
[ sql ] [ SQL ] SELECT `name`,`value` FROM `system_config` [ RunTime:0.000414s ]
---------------------------------------------------------------
[ 2018-12-21T17:57:08+08:00 ] ::1 GET bd.manong.cc/admin/menu/index.html?spm=m-1-10-2
[ sql ] [ DB ] CONNECT:[ UseTime:0.000674s ] mysql:host=127.0.0.1;port=3306;dbname=manong;charset=utf8
[ sql ] [ SQL ] SHOW COLUMNS FROM `system_node` [ RunTime:0.019868s ]
[ sql ] [ SQL ] SHOW COLUMNS FROM `system_menu` [ RunTime:0.012879s ]
[ sql ] [ SQL ] SELECT * FROM `system_menu` ORDER BY `sort` ASC,`id` ASC [ RunTime:0.001499s ]
---------------------------------------------------------------
[ 2018-12-21T17:57:09+08:00 ] ::1 GET bd.manong.cc/store/goods/index.html?spm=m-32-33-34
[ sql ] [ DB ] CONNECT:[ UseTime:0.000685s ] mysql:host=127.0.0.1;port=3306;dbname=manong;charset=utf8
[ sql ] [ SQL ] SHOW COLUMNS FROM `system_node` [ RunTime:0.016702s ]
[ sql ] [ SQL ] SELECT * FROM `system_node` WHERE  `node` = 'store/goods/index' LIMIT 1 [ RunTime:0.003942s ]
[ sql ] [ SQL ] SHOW COLUMNS FROM `store_goods` [ RunTime:0.016279s ]
[ sql ] [ SQL ] SELECT COUNT(*) AS tp_count FROM `store_goods` WHERE  `is_deleted` = 0 LIMIT 1 [ RunTime:0.000619s ]
[ sql ] [ SQL ] SELECT * FROM `store_goods` WHERE  `is_deleted` = 0 ORDER BY `status` DESC,`sort` ASC,`id` DESC LIMIT 0,20 [ RunTime:0.001068s ]
[ sql ] [ SQL ] SHOW COLUMNS FROM `store_goods_cate` [ RunTime:0.014697s ]
[ sql ] [ SQL ] SELECT `id`,`pid`,`cate_title`,`cate_desc` FROM `store_goods_cate` WHERE  `status` = 1  AND `is_deleted` = 0 ORDER BY `sort` ASC,`id` DESC [ RunTime:0.000521s ]
[ sql ] [ SQL ] SHOW COLUMNS FROM `store_goods_brand` [ RunTime:0.014482s ]
[ sql ] [ SQL ] SELECT `id`,`brand_logo`,`brand_cover`,`brand_title`,`brand_desc`,`brand_detail` FROM `store_goods_brand` WHERE  `status` = 1  AND `is_deleted` = 0 ORDER BY `sort` ASC,`id` DESC [ RunTime:0.000404s ]
[ sql ] [ SQL ] SHOW COLUMNS FROM `store_language` [ RunTime:0.012929s ]
[ sql ] [ SQL ] SELECT `id`,`language` FROM `store_language` WHERE  `status` = 1  AND `is_deleted` = 0 ORDER BY `sort` ASC,`id` DESC [ RunTime:0.000404s ]
[ sql ] [ SQL ] SHOW COLUMNS FROM `store_goods_list` [ RunTime:0.013580s ]
[ sql ] [ SQL ] SELECT `id`,`goods_id`,`goods_spec`,`goods_number`,`market_price`,`selling_price`,`goods_stock`,`goods_sale` FROM `store_goods_list` WHERE  `status` = 1  AND `is_deleted` = 0  AND `goods_id` IN (4,3,2) [ RunTime:0.000636s ]
---------------------------------------------------------------
[ 2018-12-21T17:57:10+08:00 ] ::1 GET bd.manong.cc/store/goods_cate/index.html?spm=m-32-33-36
[ sql ] [ DB ] CONNECT:[ UseTime:0.000665s ] mysql:host=127.0.0.1;port=3306;dbname=manong;charset=utf8
[ sql ] [ SQL ] SHOW COLUMNS FROM `system_node` [ RunTime:0.009248s ]
[ sql ] [ SQL ] SELECT * FROM `system_node` WHERE  `node` = 'store/goods_cate/index' LIMIT 1 [ RunTime:0.000584s ]
[ sql ] [ SQL ] SHOW COLUMNS FROM `store_goods_cate` [ RunTime:0.010701s ]
[ sql ] [ SQL ] SELECT * FROM `store_goods_cate` WHERE  `is_deleted` = 0 ORDER BY `sort` ASC,`id` ASC [ RunTime:0.000566s ]
---------------------------------------------------------------
[ 2018-12-21T17:57:11+08:00 ] ::1 GET bd.manong.cc/store/goods/index.html?spm=m-32-33-34
[ sql ] [ DB ] CONNECT:[ UseTime:0.000726s ] mysql:host=127.0.0.1;port=3306;dbname=manong;charset=utf8
[ sql ] [ SQL ] SHOW COLUMNS FROM `system_node` [ RunTime:0.016368s ]
[ sql ] [ SQL ] SHOW COLUMNS FROM `store_goods` [ RunTime:0.014225s ]
[ sql ] [ SQL ] SELECT COUNT(*) AS tp_count FROM `store_goods` WHERE  `is_deleted` = 0 LIMIT 1 [ RunTime:0.000380s ]
[ sql ] [ SQL ] SELECT * FROM `store_goods` WHERE  `is_deleted` = 0 ORDER BY `status` DESC,`sort` ASC,`id` DESC LIMIT 0,20 [ RunTime:0.000473s ]
[ sql ] [ SQL ] SHOW COLUMNS FROM `store_goods_cate` [ RunTime:0.014586s ]
[ sql ] [ SQL ] SELECT `id`,`pid`,`cate_title`,`cate_desc` FROM `store_goods_cate` WHERE  `status` = 1  AND `is_deleted` = 0 ORDER BY `sort` ASC,`id` DESC [ RunTime:0.000491s ]
[ sql ] [ SQL ] SHOW COLUMNS FROM `store_goods_brand` [ RunTime:0.013865s ]
[ sql ] [ SQL ] SELECT `id`,`brand_logo`,`brand_cover`,`brand_title`,`brand_desc`,`brand_detail` FROM `store_goods_brand` WHERE  `status` = 1  AND `is_deleted` = 0 ORDER BY `sort` ASC,`id` DESC [ RunTime:0.000603s ]
[ sql ] [ SQL ] SHOW COLUMNS FROM `store_language` [ RunTime:0.014054s ]
[ sql ] [ SQL ] SELECT `id`,`language` FROM `store_language` WHERE  `status` = 1  AND `is_deleted` = 0 ORDER BY `sort` ASC,`id` DESC [ RunTime:0.000485s ]
[ sql ] [ SQL ] SHOW COLUMNS FROM `store_goods_list` [ RunTime:0.015565s ]
[ sql ] [ SQL ] SELECT `id`,`goods_id`,`goods_spec`,`goods_number`,`market_price`,`selling_price`,`goods_stock`,`goods_sale` FROM `store_goods_list` WHERE  `status` = 1  AND `is_deleted` = 0  AND `goods_id` IN (4,3,2) [ RunTime:0.000527s ]
---------------------------------------------------------------
[ 2018-12-21T17:57:14+08:00 ] ::1 GET bd.manong.cc/store/goods_database/index.html?spm=m-32-33-52
[ sql ] [ DB ] CONNECT:[ UseTime:0.000600s ] mysql:host=127.0.0.1;port=3306;dbname=manong;charset=utf8
[ sql ] [ SQL ] SHOW COLUMNS FROM `system_node` [ RunTime:0.014694s ]
[ sql ] [ SQL ] SELECT * FROM `system_node` WHERE  `node` = 'store/goods_database/index' LIMIT 1 [ RunTime:0.000455s ]
[ sql ] [ SQL ] SHOW COLUMNS FROM `store_database` [ RunTime:0.013568s ]
[ sql ] [ SQL ] SELECT COUNT(*) AS tp_count FROM `store_database` WHERE  `is_deleted` = 0 LIMIT 1 [ RunTime:0.000481s ]
[ sql ] [ SQL ] SELECT * FROM `store_database` WHERE  `is_deleted` = 0 ORDER BY `sort` ASC,`id` DESC LIMIT 0,20 [ RunTime:0.000545s ]
---------------------------------------------------------------
[ 2018-12-21T17:57:15+08:00 ] ::1 GET bd.manong.cc/store/goods_language/index.html?spm=m-32-33-53
[ sql ] [ DB ] CONNECT:[ UseTime:0.000855s ] mysql:host=127.0.0.1;port=3306;dbname=manong;charset=utf8
[ sql ] [ SQL ] SHOW COLUMNS FROM `system_node` [ RunTime:0.035845s ]
[ sql ] [ SQL ] SELECT * FROM `system_node` WHERE  `node` = 'store/goods_language/index' LIMIT 1 [ RunTime:0.003596s ]
[ sql ] [ SQL ] SHOW COLUMNS FROM `store_language` [ RunTime:0.016170s ]
[ sql ] [ SQL ] SELECT COUNT(*) AS tp_count FROM `store_language` WHERE  `is_deleted` = 0 LIMIT 1 [ RunTime:0.000893s ]
[ sql ] [ SQL ] SELECT * FROM `store_language` WHERE  `is_deleted` = 0 ORDER BY `sort` ASC,`id` DESC LIMIT 0,20 [ RunTime:0.000595s ]
---------------------------------------------------------------
[ 2018-12-21T17:57:16+08:00 ] ::1 GET bd.manong.cc/store/goods_brand/index.html?spm=m-32-33-37
[ sql ] [ DB ] CONNECT:[ UseTime:0.000642s ] mysql:host=127.0.0.1;port=3306;dbname=manong;charset=utf8
[ sql ] [ SQL ] SHOW COLUMNS FROM `system_node` [ RunTime:0.017207s ]
[ sql ] [ SQL ] SELECT * FROM `system_node` WHERE  `node` = 'store/goods_brand/index' LIMIT 1 [ RunTime:0.004700s ]
[ sql ] [ SQL ] SHOW COLUMNS FROM `store_goods_brand` [ RunTime:0.014654s ]
[ sql ] [ SQL ] SELECT COUNT(*) AS tp_count FROM `store_goods_brand` WHERE  `is_deleted` = 0 LIMIT 1 [ RunTime:0.000372s ]
[ sql ] [ SQL ] SELECT * FROM `store_goods_brand` WHERE  `is_deleted` = 0 ORDER BY `sort` ASC,`id` DESC LIMIT 0,20 [ RunTime:0.000401s ]
---------------------------------------------------------------
[ 2018-12-21T17:57:18+08:00 ] ::1 GET bd.manong.cc/store/goods_cate/index.html?spm=m-32-33-36
[ sql ] [ DB ] CONNECT:[ UseTime:0.000692s ] mysql:host=127.0.0.1;port=3306;dbname=manong;charset=utf8
[ sql ] [ SQL ] SHOW COLUMNS FROM `system_node` [ RunTime:0.022651s ]
[ sql ] [ SQL ] SHOW COLUMNS FROM `store_goods_cate` [ RunTime:0.016578s ]
[ sql ] [ SQL ] SELECT * FROM `store_goods_cate` WHERE  `is_deleted` = 0 ORDER BY `sort` ASC,`id` ASC [ RunTime:0.000793s ]
---------------------------------------------------------------
[ 2018-12-21T17:57:20+08:00 ] ::1 GET bd.manong.cc/store/goods_brand/index.html?spm=m-32-33-37
[ sql ] [ DB ] CONNECT:[ UseTime:0.001064s ] mysql:host=127.0.0.1;port=3306;dbname=manong;charset=utf8
[ sql ] [ SQL ] SHOW COLUMNS FROM `system_node` [ RunTime:0.015478s ]
[ sql ] [ SQL ] SHOW COLUMNS FROM `store_goods_brand` [ RunTime:0.017166s ]
[ sql ] [ SQL ] SELECT COUNT(*) AS tp_count FROM `store_goods_brand` WHERE  `is_deleted` = 0 LIMIT 1 [ RunTime:0.000498s ]
[ sql ] [ SQL ] SELECT * FROM `store_goods_brand` WHERE  `is_deleted` = 0 ORDER BY `sort` ASC,`id` DESC LIMIT 0,20 [ RunTime:0.000540s ]
---------------------------------------------------------------
[ 2018-12-21T17:57:20+08:00 ] ::1 GET bd.manong.cc/store/goods_database/index.html?spm=m-32-33-52
[ sql ] [ DB ] CONNECT:[ UseTime:0.000961s ] mysql:host=127.0.0.1;port=3306;dbname=manong;charset=utf8
[ sql ] [ SQL ] SHOW COLUMNS FROM `system_node` [ RunTime:0.019214s ]
[ sql ] [ SQL ] SELECT * FROM `system_node` WHERE  `node` = 'store/goods_database/index' LIMIT 1 [ RunTime:0.001127s ]
[ sql ] [ SQL ] SHOW COLUMNS FROM `store_database` [ RunTime:0.014371s ]
[ sql ] [ SQL ] SELECT COUNT(*) AS tp_count FROM `store_database` WHERE  `is_deleted` = 0 LIMIT 1 [ RunTime:0.001546s ]
[ sql ] [ SQL ] SELECT * FROM `store_database` WHERE  `is_deleted` = 0 ORDER BY `sort` ASC,`id` DESC LIMIT 0,20 [ RunTime:0.000509s ]
---------------------------------------------------------------
[ 2018-12-21T17:57:21+08:00 ] ::1 GET bd.manong.cc/store/goods_language/index.html?spm=m-32-33-53
[ sql ] [ DB ] CONNECT:[ UseTime:0.000762s ] mysql:host=127.0.0.1;port=3306;dbname=manong;charset=utf8
[ sql ] [ SQL ] SHOW COLUMNS FROM `system_node` [ RunTime:0.016343s ]
[ sql ] [ SQL ] SELECT * FROM `system_node` WHERE  `node` = 'store/goods_language/index' LIMIT 1 [ RunTime:0.000582s ]
[ sql ] [ SQL ] SHOW COLUMNS FROM `store_language` [ RunTime:0.016788s ]
[ sql ] [ SQL ] SELECT COUNT(*) AS tp_count FROM `store_language` WHERE  `is_deleted` = 0 LIMIT 1 [ RunTime:0.000515s ]
[ sql ] [ SQL ] SELECT * FROM `store_language` WHERE  `is_deleted` = 0 ORDER BY `sort` ASC,`id` DESC LIMIT 0,20 [ RunTime:0.001018s ]
---------------------------------------------------------------
[ 2018-12-21T17:57:21+08:00 ] ::1 GET bd.manong.cc/store/goods/index.html?spm=m-32-33-34
[ sql ] [ DB ] CONNECT:[ UseTime:0.001147s ] mysql:host=127.0.0.1;port=3306;dbname=manong;charset=utf8
[ sql ] [ SQL ] SHOW COLUMNS FROM `system_node` [ RunTime:0.018686s ]
[ sql ] [ SQL ] SHOW COLUMNS FROM `store_goods` [ RunTime:0.017310s ]
[ sql ] [ SQL ] SELECT COUNT(*) AS tp_count FROM `store_goods` WHERE  `is_deleted` = 0 LIMIT 1 [ RunTime:0.005192s ]
[ sql ] [ SQL ] SELECT * FROM `store_goods` WHERE  `is_deleted` = 0 ORDER BY `status` DESC,`sort` ASC,`id` DESC LIMIT 0,20 [ RunTime:0.002597s ]
[ sql ] [ SQL ] SHOW COLUMNS FROM `store_goods_cate` [ RunTime:0.016727s ]
[ sql ] [ SQL ] SELECT `id`,`pid`,`cate_title`,`cate_desc` FROM `store_goods_cate` WHERE  `status` = 1  AND `is_deleted` = 0 ORDER BY `sort` ASC,`id` DESC [ RunTime:0.000710s ]
[ sql ] [ SQL ] SHOW COLUMNS FROM `store_goods_brand` [ RunTime:0.022171s ]
[ sql ] [ SQL ] SELECT `id`,`brand_logo`,`brand_cover`,`brand_title`,`brand_desc`,`brand_detail` FROM `store_goods_brand` WHERE  `status` = 1  AND `is_deleted` = 0 ORDER BY `sort` ASC,`id` DESC [ RunTime:0.000592s ]
[ sql ] [ SQL ] SHOW COLUMNS FROM `store_language` [ RunTime:0.012308s ]
[ sql ] [ SQL ] SELECT `id`,`language` FROM `store_language` WHERE  `status` = 1  AND `is_deleted` = 0 ORDER BY `sort` ASC,`id` DESC [ RunTime:0.000903s ]
[ sql ] [ SQL ] SHOW COLUMNS FROM `store_goods_list` [ RunTime:0.016652s ]
[ sql ] [ SQL ] SELECT `id`,`goods_id`,`goods_spec`,`goods_number`,`market_price`,`selling_price`,`goods_stock`,`goods_sale` FROM `store_goods_list` WHERE  `status` = 1  AND `is_deleted` = 0  AND `goods_id` IN (4,3,2) [ RunTime:0.001139s ]
---------------------------------------------------------------
[ 2018-12-21T17:59:42+08:00 ] ::1 GET bd.manong.cc/
[ sql ] [ DB ] CONNECT:[ UseTime:0.000685s ] mysql:host=127.0.0.1;port=3306;dbname=manong;charset=utf8
[ sql ] [ SQL ] SHOW COLUMNS FROM `system_node` [ RunTime:0.008492s ]
[ sql ] [ SQL ] SELECT * FROM `system_node` WHERE  `node` = 'index/index/index' LIMIT 1 [ RunTime:0.000528s ]
---------------------------------------------------------------
[ 2018-12-21T17:59:44+08:00 ] ::1 GET bd.manong.cc/index.php?c=api&m=html&name=user&format=jsonp&callback=jQuery111107717734317301832_1545386383310&_=1545386383311
[ sql ] [ DB ] CONNECT:[ UseTime:0.000680s ] mysql:host=127.0.0.1;port=3306;dbname=manong;charset=utf8
[ sql ] [ SQL ] SHOW COLUMNS FROM `system_node` [ RunTime:0.013253s ]
[ sql ] [ SQL ] SELECT * FROM `system_node` WHERE  `node` = 'index/index/index' LIMIT 1 [ RunTime:0.000579s ]
---------------------------------------------------------------
[ 2018-12-21T17:59:46+08:00 ] ::1 GET bd.manong.cc/index/member/index
[ sql ] [ DB ] CONNECT:[ UseTime:0.000653s ] mysql:host=127.0.0.1;port=3306;dbname=manong;charset=utf8
[ sql ] [ SQL ] SHOW COLUMNS FROM `system_node` [ RunTime:0.013774s ]
[ sql ] [ SQL ] SELECT * FROM `system_node` WHERE  `node` = 'index/member/index' LIMIT 1 [ RunTime:0.000642s ]
---------------------------------------------------------------
[ 2018-12-21T18:03:35+08:00 ] 123.232.66.89 GET manong.yaho.cc/
[ sql ] [ DB ] CONNECT:[ UseTime:0.014124s ] mysql:host=127.0.0.1;port=3306;dbname=manong_yaho_cc;charset=utf8
[ sql ] [ SQL ] SHOW COLUMNS FROM `system_node` [ RunTime:0.022278s ]
[ sql ] [ SQL ] SELECT * FROM `system_node` WHERE  `node` = 'index/index/index' LIMIT 1 [ RunTime:0.015857s ]
---------------------------------------------------------------
[ 2018-12-21T18:03:37+08:00 ] 123.232.66.89 GET manong.yaho.cc/index.php?c=api&m=html&name=user&format=jsonp&callback=jQuery111105338324127870335_1545386616975&_=1545386616976
[ sql ] [ DB ] CONNECT:[ UseTime:0.000334s ] mysql:host=127.0.0.1;port=3306;dbname=manong_yaho_cc;charset=utf8
[ sql ] [ SQL ] SHOW COLUMNS FROM `system_node` [ RunTime:0.003859s ]
[ sql ] [ SQL ] SELECT * FROM `system_node` WHERE  `node` = 'index/index/index' LIMIT 1 [ RunTime:0.000287s ]
---------------------------------------------------------------
[ 2018-12-21T18:03:54+08:00 ] 123.232.66.89 GET manong.yaho.cc/index/member/index
[ sql ] [ DB ] CONNECT:[ UseTime:0.023754s ] mysql:host=127.0.0.1;port=3306;dbname=manong_yaho_cc;charset=utf8
[ sql ] [ SQL ] SHOW COLUMNS FROM `system_node` [ RunTime:0.023586s ]
[ sql ] [ SQL ] SELECT * FROM `system_node` WHERE  `node` = 'index/member/index' LIMIT 1 [ RunTime:0.012726s ]
---------------------------------------------------------------
[ 2018-12-21T18:08:37+08:00 ] 220.181.108.156 GET manong.yaho.cc/
[ sql ] [ DB ] CONNECT:[ UseTime:0.037161s ] mysql:host=127.0.0.1;port=3306;dbname=manong_yaho_cc;charset=utf8
[ sql ] [ SQL ] SHOW COLUMNS FROM `system_node` [ RunTime:0.012273s ]
[ sql ] [ SQL ] SELECT * FROM `system_node` WHERE  `node` = 'index/index/index' LIMIT 1 [ RunTime:0.006496s ]
---------------------------------------------------------------
[ 2018-12-21T18:28:01+08:00 ] 58.248.203.175 GET manong.yaho.cc/
[ sql ] [ DB ] CONNECT:[ UseTime:0.008134s ] mysql:host=127.0.0.1;port=3306;dbname=manong_yaho_cc;charset=utf8
[ sql ] [ SQL ] SHOW COLUMNS FROM `system_node` [ RunTime:0.002939s ]
[ sql ] [ SQL ] SELECT * FROM `system_node` WHERE  `node` = 'index/index/index' LIMIT 1 [ RunTime:0.003635s ]
---------------------------------------------------------------
[ 2018-12-21T21:35:42+08:00 ] 113.120.5.17 GET manong.yaho.cc/
[ sql ] [ DB ] CONNECT:[ UseTime:0.008108s ] mysql:host=127.0.0.1;port=3306;dbname=manong_yaho_cc;charset=utf8
[ sql ] [ SQL ] SHOW COLUMNS FROM `system_node` [ RunTime:0.006540s ]
[ sql ] [ SQL ] SELECT * FROM `system_node` WHERE  `node` = 'index/index/index' LIMIT 1 [ RunTime:0.003870s ]
---------------------------------------------------------------
[ 2018-12-21T21:35:44+08:00 ] 113.120.5.17 GET manong.yaho.cc/index.php?c=api&m=html&name=user&format=jsonp&callback=jQuery1111011257102271770081_1545399316341&_=1545399316342
[ sql ] [ DB ] CONNECT:[ UseTime:0.015794s ] mysql:host=127.0.0.1;port=3306;dbname=manong_yaho_cc;charset=utf8
[ sql ] [ SQL ] SHOW COLUMNS FROM `system_node` [ RunTime:0.025111s ]
[ sql ] [ SQL ] SELECT * FROM `system_node` WHERE  `node` = 'index/index/index' LIMIT 1 [ RunTime:0.000247s ]
---------------------------------------------------------------
[ 2018-12-21T21:40:02+08:00 ] 113.120.5.17 GET manong.yaho.cc/index/member/index
[ sql ] [ DB ] CONNECT:[ UseTime:0.006341s ] mysql:host=127.0.0.1;port=3306;dbname=manong_yaho_cc;charset=utf8
[ sql ] [ SQL ] SHOW COLUMNS FROM `system_node` [ RunTime:0.006113s ]
[ sql ] [ SQL ] SELECT * FROM `system_node` WHERE  `node` = 'index/member/index' LIMIT 1 [ RunTime:0.002666s ]
---------------------------------------------------------------
[ 2018-12-21T21:40:58+08:00 ] 113.120.5.17 GET manong.yaho.cc/index/member/mindex
[ sql ] [ DB ] CONNECT:[ UseTime:0.002330s ] mysql:host=127.0.0.1;port=3306;dbname=manong_yaho_cc;charset=utf8
[ sql ] [ SQL ] SHOW COLUMNS FROM `system_node` [ RunTime:0.035978s ]
[ sql ] [ SQL ] SELECT * FROM `system_node` WHERE  `node` = 'index/member/mindex' LIMIT 1 [ RunTime:0.009095s ]
---------------------------------------------------------------
[ 2018-12-21T21:42:46+08:00 ] 113.120.5.17 GET manong.yaho.cc/index/member/mindex
[ sql ] [ DB ] CONNECT:[ UseTime:0.000407s ] mysql:host=127.0.0.1;port=3306;dbname=manong_yaho_cc;charset=utf8
[ sql ] [ SQL ] SHOW COLUMNS FROM `system_node` [ RunTime:0.004044s ]
[ sql ] [ SQL ] SELECT * FROM `system_node` WHERE  `node` = 'index/member/mindex' LIMIT 1 [ RunTime:0.000496s ]
---------------------------------------------------------------
[ 2018-12-21T21:43:07+08:00 ] 113.120.5.17 GET manong.yaho.cc/index/member/mindex
[ sql ] [ DB ] CONNECT:[ UseTime:0.000394s ] mysql:host=127.0.0.1;port=3306;dbname=manong_yaho_cc;charset=utf8
[ sql ] [ SQL ] SHOW COLUMNS FROM `system_node` [ RunTime:0.003881s ]
[ sql ] [ SQL ] SELECT * FROM `system_node` WHERE  `node` = 'index/member/mindex' LIMIT 1 [ RunTime:0.000350s ]
---------------------------------------------------------------
[ 2018-12-21T21:43:16+08:00 ] 113.120.5.17 GET manong.yaho.cc/index/member/add
[ sql ] [ DB ] CONNECT:[ UseTime:0.000376s ] mysql:host=127.0.0.1;port=3306;dbname=manong_yaho_cc;charset=utf8
[ sql ] [ SQL ] SHOW COLUMNS FROM `system_node` [ RunTime:0.003853s ]
[ sql ] [ SQL ] SELECT * FROM `system_node` WHERE  `node` = 'index/member/add' LIMIT 1 [ RunTime:0.021299s ]
[ sql ] [ SQL ] SHOW COLUMNS FROM `store_goods_cate` [ RunTime:0.002806s ]
[ sql ] [ SQL ] SELECT * FROM `store_goods_cate` WHERE  `pid` = 1 [ RunTime:0.007472s ]
[ sql ] [ SQL ] SHOW COLUMNS FROM `store_goods_brand` [ RunTime:0.002341s ]
[ sql ] [ SQL ] SELECT * FROM `store_goods_brand` [ RunTime:0.000253s ]
[ sql ] [ SQL ] SHOW COLUMNS FROM `store_language` [ RunTime:0.002199s ]
[ sql ] [ SQL ] SELECT * FROM `store_language` [ RunTime:0.000246s ]
[ sql ] [ SQL ] SHOW COLUMNS FROM `store_database` [ RunTime:0.002214s ]
[ sql ] [ SQL ] SELECT * FROM `store_database` [ RunTime:0.000230s ]
---------------------------------------------------------------
[ 2018-12-21T21:43:48+08:00 ] 113.120.5.17 GET manong.yaho.cc/admin
[ sql ] [ DB ] CONNECT:[ UseTime:0.000368s ] mysql:host=127.0.0.1;port=3306;dbname=manong_yaho_cc;charset=utf8
[ sql ] [ SQL ] SHOW COLUMNS FROM `system_node` [ RunTime:0.003860s ]
[ sql ] [ SQL ] SELECT * FROM `system_node` WHERE  `node` = 'admin/index/index' LIMIT 1 [ RunTime:0.000455s ]
[ sql ] [ SQL ] SHOW COLUMNS FROM `system_menu` [ RunTime:0.003768s ]
[ sql ] [ SQL ] SELECT * FROM `system_menu` WHERE  `status` = 1 ORDER BY `sort` ASC,`id` ASC [ RunTime:0.005559s ]
[ sql ] [ SQL ] SELECT `node`,`is_menu`,`is_auth`,`is_login`,`title` FROM `system_node` [ RunTime:0.000493s ]
[ sql ] [ SQL ] SHOW COLUMNS FROM `system_config` [ RunTime:0.003879s ]
[ sql ] [ SQL ] SELECT `name`,`value` FROM `system_config` [ RunTime:0.000293s ]
---------------------------------------------------------------
[ 2018-12-21T21:43:49+08:00 ] 113.120.5.17 GET manong.yaho.cc/admin/index/main.html?spm=m-7
[ sql ] [ DB ] CONNECT:[ UseTime:0.000326s ] mysql:host=127.0.0.1;port=3306;dbname=manong_yaho_cc;charset=utf8
[ sql ] [ SQL ] SHOW COLUMNS FROM `system_node` [ RunTime:0.004308s ]
[ sql ] [ SQL ] SELECT * FROM `system_node` WHERE  `node` = 'admin/index/main' LIMIT 1 [ RunTime:0.000374s ]
[ sql ] [ SQL ] select version() as ver [ RunTime:0.006005s ]
[ sql ] [ SQL ] SHOW COLUMNS FROM `system_config` [ RunTime:0.003872s ]
[ sql ] [ SQL ] SELECT `name`,`value` FROM `system_config` [ RunTime:0.000169s ]
---------------------------------------------------------------
[ 2018-12-21T21:43:50+08:00 ] 113.120.5.17 GET manong.yaho.cc/admin/login.html
[ sql ] [ DB ] CONNECT:[ UseTime:0.000350s ] mysql:host=127.0.0.1;port=3306;dbname=manong_yaho_cc;charset=utf8
[ sql ] [ SQL ] SHOW COLUMNS FROM `system_node` [ RunTime:0.003658s ]
[ sql ] [ SQL ] SELECT * FROM `system_node` WHERE  `node` = 'admin/login/index' LIMIT 1 [ RunTime:0.000327s ]
[ sql ] [ SQL ] SHOW COLUMNS FROM `system_config` [ RunTime:0.002388s ]
[ sql ] [ SQL ] SELECT `name`,`value` FROM `system_config` [ RunTime:0.000154s ]
---------------------------------------------------------------
[ 2018-12-21T21:43:55+08:00 ] 113.120.5.17 POST manong.yaho.cc/admin/login.html?spm=
[ sql ] [ DB ] CONNECT:[ UseTime:0.000347s ] mysql:host=127.0.0.1;port=3306;dbname=manong_yaho_cc;charset=utf8
[ sql ] [ SQL ] SHOW COLUMNS FROM `system_node` [ RunTime:0.003715s ]
[ sql ] [ SQL ] SELECT * FROM `system_node` WHERE  `node` = 'admin/login/index' LIMIT 1 [ RunTime:0.000213s ]
[ sql ] [ SQL ] SHOW COLUMNS FROM `system_user` [ RunTime:0.003191s ]
[ sql ] [ SQL ] SELECT * FROM `system_user` WHERE  `username` = 'admin'  AND `is_deleted` = 0 LIMIT 1 [ RunTime:0.003341s ]
[ sql ] [ SQL ] UPDATE `system_user`  SET `login_at` = now() , `login_num` = login_num+1  WHERE  `id` = 10000 [ RunTime:0.049190s ]
[ sql ] [ SQL ] SELECT * FROM `system_user` WHERE  `id` = 10000 LIMIT 1 [ RunTime:0.000356s ]
[ sql ] [ SQL ] SHOW COLUMNS FROM `system_auth` [ RunTime:0.016727s ]
[ sql ] [ SQL ] SELECT `id` FROM `system_auth` WHERE  `id` IN (2,4)  AND `status` = 1 [ RunTime:0.000857s ]
[ sql ] [ SQL ] SHOW COLUMNS FROM `system_log` [ RunTime:0.006526s ]
[ sql ] [ SQL ] INSERT INTO `system_log` (`ip` , `node` , `action` , `content` , `username`) VALUES ('113.120.5.17' , 'admin/login/index' , '系统管理' , '用户登录系统成功' , 'admin') [ RunTime:0.018218s ]
---------------------------------------------------------------
[ 2018-12-21T21:43:55+08:00 ] 113.120.5.17 GET manong.yaho.cc/admin/login/admin.html
[ sql ] [ DB ] CONNECT:[ UseTime:0.000468s ] mysql:host=127.0.0.1;port=3306;dbname=manong_yaho_cc;charset=utf8
[ sql ] [ SQL ] SHOW COLUMNS FROM `system_node` [ RunTime:0.004336s ]
[ sql ] [ SQL ] SELECT * FROM `system_node` WHERE  `node` = 'admin/login/admin' LIMIT 1 [ RunTime:0.000445s ]
---------------------------------------------------------------
[ 2018-12-21T21:43:56+08:00 ] 113.120.5.17 GET manong.yaho.cc/admin.html
[ sql ] [ DB ] CONNECT:[ UseTime:0.000468s ] mysql:host=127.0.0.1;port=3306;dbname=manong_yaho_cc;charset=utf8
[ sql ] [ SQL ] SHOW COLUMNS FROM `system_node` [ RunTime:0.004586s ]
[ sql ] [ SQL ] SELECT * FROM `system_node` WHERE  `node` = 'admin/index/index' LIMIT 1 [ RunTime:0.000272s ]
[ sql ] [ SQL ] SHOW COLUMNS FROM `system_user` [ RunTime:0.002631s ]
[ sql ] [ SQL ] SELECT * FROM `system_user` WHERE  `id` = 10000 LIMIT 1 [ RunTime:0.000269s ]
[ sql ] [ SQL ] SHOW COLUMNS FROM `system_auth` [ RunTime:0.002530s ]
[ sql ] [ SQL ] SELECT `id` FROM `system_auth` WHERE  `id` IN (2,4)  AND `status` = 1 [ RunTime:0.000210s ]
[ sql ] [ SQL ] SHOW COLUMNS FROM `system_menu` [ RunTime:0.002702s ]
[ sql ] [ SQL ] SELECT * FROM `system_menu` WHERE  `status` = 1 ORDER BY `sort` ASC,`id` ASC [ RunTime:0.000272s ]
[ sql ] [ SQL ] SELECT `node`,`is_menu`,`is_auth`,`is_login`,`title` FROM `system_node` [ RunTime:0.000288s ]
[ sql ] [ SQL ] SHOW COLUMNS FROM `system_config` [ RunTime:0.004396s ]
[ sql ] [ SQL ] SELECT `name`,`value` FROM `system_config` [ RunTime:0.000230s ]
---------------------------------------------------------------
[ 2018-12-21T21:43:56+08:00 ] 113.120.5.17 GET manong.yaho.cc/vote/goods/index?spm=
[ sql ] [ DB ] CONNECT:[ UseTime:0.000355s ] mysql:host=127.0.0.1;port=3306;dbname=manong_yaho_cc;charset=utf8
[ sql ] [ SQL ] SHOW COLUMNS FROM `system_node` [ RunTime:0.003806s ]
[ sql ] [ SQL ] SELECT * FROM `system_node` WHERE  `node` = 'vote/goods/index' LIMIT 1 [ RunTime:0.000365s ]
[ sql ] [ SQL ] SHOW COLUMNS FROM `dy_signup` [ RunTime:0.003212s ]
[ sql ] [ SQL ] SELECT COUNT(*) AS tp_count FROM `dy_signup` WHERE  `status` = '1' LIMIT 1 [ RunTime:0.049012s ]
[ sql ] [ SQL ] SELECT * FROM `dy_signup` WHERE  `status` = '1' ORDER BY `status` DESC,`id` DESC LIMIT 0,20 [ RunTime:0.000458s ]
---------------------------------------------------------------
[ 2018-12-21T21:44:00+08:00 ] 113.120.5.17 GET manong.yaho.cc/store/goods/index.html?spm=m-32-33-34
[ sql ] [ DB ] CONNECT:[ UseTime:0.004363s ] mysql:host=127.0.0.1;port=3306;dbname=manong_yaho_cc;charset=utf8
[ sql ] [ SQL ] SHOW COLUMNS FROM `system_node` [ RunTime:0.005533s ]
[ sql ] [ SQL ] SELECT * FROM `system_node` WHERE  `node` = 'store/goods/index' LIMIT 1 [ RunTime:0.000443s ]
[ sql ] [ SQL ] SHOW COLUMNS FROM `store_goods` [ RunTime:0.003934s ]
[ sql ] [ SQL ] SELECT COUNT(*) AS tp_count FROM `store_goods` WHERE  `is_deleted` = 0 LIMIT 1 [ RunTime:0.001634s ]
[ sql ] [ SQL ] SELECT * FROM `store_goods` WHERE  `is_deleted` = 0 ORDER BY `status` DESC,`sort` ASC,`id` DESC LIMIT 0,20 [ RunTime:0.001385s ]
[ sql ] [ SQL ] SHOW COLUMNS FROM `store_goods_cate` [ RunTime:0.003752s ]
[ sql ] [ SQL ] SELECT `id`,`pid`,`cate_title`,`cate_desc` FROM `store_goods_cate` WHERE  `status` = 1  AND `is_deleted` = 0 ORDER BY `sort` ASC,`id` DESC [ RunTime:0.000363s ]
[ sql ] [ SQL ] SHOW COLUMNS FROM `store_goods_brand` [ RunTime:0.002063s ]
[ sql ] [ SQL ] SELECT `id`,`brand_logo`,`brand_cover`,`brand_title`,`brand_desc`,`brand_detail` FROM `store_goods_brand` WHERE  `status` = 1  AND `is_deleted` = 0 ORDER BY `sort` ASC,`id` DESC [ RunTime:0.000311s ]
[ sql ] [ SQL ] SHOW COLUMNS FROM `store_language` [ RunTime:0.002081s ]
[ sql ] [ SQL ] SELECT `id`,`language` FROM `store_language` WHERE  `status` = 1  AND `is_deleted` = 0 ORDER BY `sort` ASC,`id` DESC [ RunTime:0.014781s ]
[ sql ] [ SQL ] SHOW COLUMNS FROM `store_goods_list` [ RunTime:0.017812s ]
[ sql ] [ SQL ] SELECT `id`,`goods_id`,`goods_spec`,`goods_number`,`market_price`,`selling_price`,`goods_stock`,`goods_sale` FROM `store_goods_list` WHERE  `status` = 1  AND `is_deleted` = 0  AND `goods_id` IN (4,3,2) [ RunTime:0.002061s ]
---------------------------------------------------------------
[ 2018-12-21T21:44:06+08:00 ] 113.120.5.17 GET manong.yaho.cc/store/goods/add.html?spm=m-32-33-34
[ sql ] [ DB ] CONNECT:[ UseTime:0.002027s ] mysql:host=127.0.0.1;port=3306;dbname=manong_yaho_cc;charset=utf8
[ sql ] [ SQL ] SHOW COLUMNS FROM `system_node` [ RunTime:0.003602s ]
[ sql ] [ SQL ] SELECT * FROM `system_node` WHERE  `node` = 'store/goods/add' LIMIT 1 [ RunTime:0.000386s ]
[ sql ] [ SQL ] SHOW COLUMNS FROM `store_goods_spec` [ RunTime:0.002385s ]
[ sql ] [ SQL ] SELECT * FROM `store_goods_spec` WHERE  `status` = 1  AND `is_deleted` = 0 ORDER BY `sort` ASC,`id` DESC [ RunTime:0.000334s ]
[ sql ] [ SQL ] SHOW COLUMNS FROM `store_goods_brand` [ RunTime:0.002050s ]
[ sql ] [ SQL ] SELECT * FROM `store_goods_brand` WHERE  `status` = 1  AND `is_deleted` = 0 ORDER BY `sort` ASC,`id` DESC [ RunTime:0.000279s ]
[ sql ] [ SQL ] SHOW COLUMNS FROM `store_goods_cate` [ RunTime:0.002069s ]
[ sql ] [ SQL ] SELECT * FROM `store_goods_cate` WHERE  `status` = 1  AND `is_deleted` = 0 ORDER BY `sort` ASC,`id` DESC [ RunTime:0.000302s ]
[ sql ] [ SQL ] SHOW COLUMNS FROM `store_database` [ RunTime:0.002030s ]
[ sql ] [ SQL ] SELECT * FROM `store_database` WHERE  `status` = 1  AND `is_deleted` = 0 ORDER BY `sort` ASC,`id` DESC [ RunTime:0.000294s ]
[ sql ] [ SQL ] SHOW COLUMNS FROM `store_language` [ RunTime:0.002062s ]
[ sql ] [ SQL ] SELECT * FROM `store_language` WHERE  `status` = 1  AND `is_deleted` = 0 ORDER BY `sort` ASC,`id` DESC [ RunTime:0.000285s ]
[ sql ] [ SQL ] SHOW COLUMNS FROM `store_goods` [ RunTime:0.002144s ]
[ sql ] [ SQL ] SELECT `id`,`goods_title` FROM `store_goods` WHERE  `is_deleted` = 0  AND `status` = 1 [ RunTime:0.000243s ]
[ sql ] [ SQL ] SHOW COLUMNS FROM `store_goods_list` [ RunTime:0.002058s ]
[ sql ] [ SQL ] SELECT `goods_id`,`goods_spec`,`goods_stock`,`goods_sale` FROM `store_goods_list` WHERE  `is_deleted` = 0  AND `status` = 1 [ RunTime:0.000211s ]
---------------------------------------------------------------
[ 2018-12-21T21:51:06+08:00 ] 113.120.5.17 GET manong.yaho.cc/index/member/add
[ sql ] [ DB ] CONNECT:[ UseTime:0.016947s ] mysql:host=127.0.0.1;port=3306;dbname=manong_yaho_cc;charset=utf8
[ sql ] [ SQL ] SHOW COLUMNS FROM `system_node` [ RunTime:0.063353s ]
[ sql ] [ SQL ] SELECT * FROM `system_node` WHERE  `node` = 'index/member/add' LIMIT 1 [ RunTime:0.004930s ]
[ sql ] [ SQL ] SHOW COLUMNS FROM `store_goods_cate` [ RunTime:0.003848s ]
[ sql ] [ SQL ] SELECT * FROM `store_goods_cate` WHERE  `pid` = 1 [ RunTime:0.000979s ]
[ sql ] [ SQL ] SHOW COLUMNS FROM `store_goods_brand` [ RunTime:0.002078s ]
[ sql ] [ SQL ] SELECT * FROM `store_goods_brand` [ RunTime:0.000146s ]
[ sql ] [ SQL ] SHOW COLUMNS FROM `store_language` [ RunTime:0.002024s ]
[ sql ] [ SQL ] SELECT * FROM `store_language` [ RunTime:0.000135s ]
[ sql ] [ SQL ] SHOW COLUMNS FROM `store_database` [ RunTime:0.002057s ]
[ sql ] [ SQL ] SELECT * FROM `store_database` [ RunTime:0.000132s ]
---------------------------------------------------------------
[ 2018-12-21T21:51:06+08:00 ] 113.120.5.17 GET manong.yaho.cc/index/member/add
[ sql ] [ DB ] CONNECT:[ UseTime:0.002108s ] mysql:host=127.0.0.1;port=3306;dbname=manong_yaho_cc;charset=utf8
[ sql ] [ SQL ] SHOW COLUMNS FROM `system_node` [ RunTime:0.003714s ]
[ sql ] [ SQL ] SELECT * FROM `system_node` WHERE  `node` = 'index/member/add' LIMIT 1 [ RunTime:0.001373s ]
[ sql ] [ SQL ] SHOW COLUMNS FROM `store_goods_cate` [ RunTime:0.002690s ]
[ sql ] [ SQL ] SELECT * FROM `store_goods_cate` WHERE  `pid` = 1 [ RunTime:0.000164s ]
[ sql ] [ SQL ] SHOW COLUMNS FROM `store_goods_brand` [ RunTime:0.002772s ]
[ sql ] [ SQL ] SELECT * FROM `store_goods_brand` [ RunTime:0.000145s ]
[ sql ] [ SQL ] SHOW COLUMNS FROM `store_language` [ RunTime:0.002022s ]
[ sql ] [ SQL ] SELECT * FROM `store_language` [ RunTime:0.000157s ]
[ sql ] [ SQL ] SHOW COLUMNS FROM `store_database` [ RunTime:0.002077s ]
[ sql ] [ SQL ] SELECT * FROM `store_database` [ RunTime:0.000133s ]
---------------------------------------------------------------
[ 2018-12-21T21:51:35+08:00 ] 113.120.5.17 GET manong.yaho.cc/index/member/add
[ sql ] [ DB ] CONNECT:[ UseTime:0.107043s ] mysql:host=127.0.0.1;port=3306;dbname=manong_yaho_cc;charset=utf8
[ sql ] [ SQL ] SHOW COLUMNS FROM `system_node` [ RunTime:0.044032s ]
[ sql ] [ SQL ] SELECT * FROM `system_node` WHERE  `node` = 'index/member/add' LIMIT 1 [ RunTime:0.008244s ]
[ sql ] [ SQL ] SHOW COLUMNS FROM `store_goods_cate` [ RunTime:0.003800s ]
[ sql ] [ SQL ] SELECT * FROM `store_goods_cate` WHERE  `pid` = 1 [ RunTime:0.000236s ]
[ sql ] [ SQL ] SHOW COLUMNS FROM `store_goods_brand` [ RunTime:0.002221s ]
[ sql ] [ SQL ] SELECT * FROM `store_goods_brand` [ RunTime:0.000170s ]
[ sql ] [ SQL ] SHOW COLUMNS FROM `store_language` [ RunTime:0.003618s ]
[ sql ] [ SQL ] SELECT * FROM `store_language` [ RunTime:0.000134s ]
[ sql ] [ SQL ] SHOW COLUMNS FROM `store_database` [ RunTime:0.002300s ]
[ sql ] [ SQL ] SELECT * FROM `store_database` [ RunTime:0.000158s ]
---------------------------------------------------------------
[ 2018-12-21T21:52:03+08:00 ] 113.120.5.17 GET manong.yaho.cc/index/member/add
[ sql ] [ DB ] CONNECT:[ UseTime:0.007188s ] mysql:host=127.0.0.1;port=3306;dbname=manong_yaho_cc;charset=utf8
[ sql ] [ SQL ] SHOW COLUMNS FROM `system_node` [ RunTime:0.006525s ]
[ sql ] [ SQL ] SELECT * FROM `system_node` WHERE  `node` = 'index/member/add' LIMIT 1 [ RunTime:0.004916s ]
[ sql ] [ SQL ] SHOW COLUMNS FROM `store_goods_cate` [ RunTime:0.002372s ]
[ sql ] [ SQL ] SELECT * FROM `store_goods_cate` WHERE  `pid` = 1 [ RunTime:0.000173s ]
[ sql ] [ SQL ] SHOW COLUMNS FROM `store_goods_brand` [ RunTime:0.002198s ]
[ sql ] [ SQL ] SELECT * FROM `store_goods_brand` [ RunTime:0.000150s ]
[ sql ] [ SQL ] SHOW COLUMNS FROM `store_language` [ RunTime:0.002208s ]
[ sql ] [ SQL ] SELECT * FROM `store_language` [ RunTime:0.000139s ]
[ sql ] [ SQL ] SHOW COLUMNS FROM `store_database` [ RunTime:0.002165s ]
[ sql ] [ SQL ] SELECT * FROM `store_database` [ RunTime:0.000137s ]
---------------------------------------------------------------
[ 2018-12-21T21:52:15+08:00 ] 113.120.5.17 POST manong.yaho.cc/Admin/Address/file_upload.html
[ sql ] [ DB ] CONNECT:[ UseTime:0.046412s ] mysql:host=127.0.0.1;port=3306;dbname=manong_yaho_cc;charset=utf8
[ sql ] [ SQL ] SHOW COLUMNS FROM `system_node` [ RunTime:0.037404s ]
[ sql ] [ SQL ] SELECT * FROM `system_node` WHERE  `node` = 'admin/address/file_upload' LIMIT 1 [ RunTime:0.015038s ]
---------------------------------------------------------------
[ 2018-12-21T21:52:38+08:00 ] 113.120.5.17 POST manong.yaho.cc/Admin/Address/file_upload.html
[ sql ] [ DB ] CONNECT:[ UseTime:0.044075s ] mysql:host=127.0.0.1;port=3306;dbname=manong_yaho_cc;charset=utf8
[ sql ] [ SQL ] SHOW COLUMNS FROM `system_node` [ RunTime:0.038886s ]
[ sql ] [ SQL ] SELECT * FROM `system_node` WHERE  `node` = 'admin/address/file_upload' LIMIT 1 [ RunTime:0.006671s ]
---------------------------------------------------------------
[ 2018-12-21T21:55:24+08:00 ] 113.120.5.17 GET manong.yaho.cc/index/member/add
[ sql ] [ DB ] CONNECT:[ UseTime:0.037275s ] mysql:host=127.0.0.1;port=3306;dbname=manong_yaho_cc;charset=utf8
[ sql ] [ SQL ] SHOW COLUMNS FROM `system_node` [ RunTime:0.040803s ]
[ sql ] [ SQL ] SELECT * FROM `system_node` WHERE  `node` = 'index/member/add' LIMIT 1 [ RunTime:0.020981s ]
[ sql ] [ SQL ] SHOW COLUMNS FROM `store_goods_cate` [ RunTime:0.003733s ]
[ sql ] [ SQL ] SELECT * FROM `store_goods_cate` WHERE  `pid` = 1 [ RunTime:0.000193s ]
[ sql ] [ SQL ] SHOW COLUMNS FROM `store_goods_brand` [ RunTime:0.002127s ]
[ sql ] [ SQL ] SELECT * FROM `store_goods_brand` [ RunTime:0.000145s ]
[ sql ] [ SQL ] SHOW COLUMNS FROM `store_language` [ RunTime:0.002050s ]
[ sql ] [ SQL ] SELECT * FROM `store_language` [ RunTime:0.000158s ]
[ sql ] [ SQL ] SHOW COLUMNS FROM `store_database` [ RunTime:0.002010s ]
[ sql ] [ SQL ] SELECT * FROM `store_database` [ RunTime:0.000131s ]
---------------------------------------------------------------
[ 2018-12-21T21:55:28+08:00 ] 113.120.5.17 POST manong.yaho.cc/index/Member/file_upload.html
[ sql ] [ DB ] CONNECT:[ UseTime:0.000349s ] mysql:host=127.0.0.1;port=3306;dbname=manong_yaho_cc;charset=utf8
[ sql ] [ SQL ] SHOW COLUMNS FROM `system_node` [ RunTime:0.003720s ]
[ sql ] [ SQL ] SELECT * FROM `system_node` WHERE  `node` = 'index/member/file_upload' LIMIT 1 [ RunTime:0.006660s ]
---------------------------------------------------------------
[ 2018-12-21T21:57:05+08:00 ] 113.120.5.17 POST manong.yaho.cc/index/Member/file_upload.html
[ sql ] [ DB ] CONNECT:[ UseTime:0.025972s ] mysql:host=127.0.0.1;port=3306;dbname=manong_yaho_cc;charset=utf8
[ sql ] [ SQL ] SHOW COLUMNS FROM `system_node` [ RunTime:0.005811s ]
[ sql ] [ SQL ] SELECT * FROM `system_node` WHERE  `node` = 'index/member/file_upload' LIMIT 1 [ RunTime:0.014387s ]
---------------------------------------------------------------
[ 2018-12-21T21:57:41+08:00 ] 113.120.5.17 GET manong.yaho.cc/index/member/add
[ sql ] [ DB ] CONNECT:[ UseTime:0.036965s ] mysql:host=127.0.0.1;port=3306;dbname=manong_yaho_cc;charset=utf8
[ sql ] [ SQL ] SHOW COLUMNS FROM `system_node` [ RunTime:0.038108s ]
[ sql ] [ SQL ] SELECT * FROM `system_node` WHERE  `node` = 'index/member/add' LIMIT 1 [ RunTime:0.015917s ]
[ sql ] [ SQL ] SHOW COLUMNS FROM `store_goods_cate` [ RunTime:0.003414s ]
[ sql ] [ SQL ] SELECT * FROM `store_goods_cate` WHERE  `pid` = 1 [ RunTime:0.000383s ]
[ sql ] [ SQL ] SHOW COLUMNS FROM `store_goods_brand` [ RunTime:0.002183s ]
[ sql ] [ SQL ] SELECT * FROM `store_goods_brand` [ RunTime:0.000223s ]
[ sql ] [ SQL ] SHOW COLUMNS FROM `store_language` [ RunTime:0.002114s ]
[ sql ] [ SQL ] SELECT * FROM `store_language` [ RunTime:0.000239s ]
[ sql ] [ SQL ] SHOW COLUMNS FROM `store_database` [ RunTime:0.002131s ]
[ sql ] [ SQL ] SELECT * FROM `store_database` [ RunTime:0.000233s ]
---------------------------------------------------------------
[ 2018-12-21T21:57:48+08:00 ] 113.120.5.17 POST manong.yaho.cc/index/Member/file_upload.html
[ sql ] [ DB ] CONNECT:[ UseTime:0.001672s ] mysql:host=127.0.0.1;port=3306;dbname=manong_yaho_cc;charset=utf8
[ sql ] [ SQL ] SHOW COLUMNS FROM `system_node` [ RunTime:0.004838s ]
[ sql ] [ SQL ] SELECT * FROM `system_node` WHERE  `node` = 'index/member/file_upload' LIMIT 1 [ RunTime:0.000252s ]
---------------------------------------------------------------
[ 2018-12-21T21:57:52+08:00 ] 113.120.5.17 GET manong.yaho.cc/index/Member/file_upload.html
[ sql ] [ DB ] CONNECT:[ UseTime:0.004293s ] mysql:host=127.0.0.1;port=3306;dbname=manong_yaho_cc;charset=utf8
[ sql ] [ SQL ] SHOW COLUMNS FROM `system_node` [ RunTime:0.014476s ]
[ sql ] [ SQL ] SELECT * FROM `system_node` WHERE  `node` = 'index/member/file_upload' LIMIT 1 [ RunTime:0.000251s ]
---------------------------------------------------------------
[ 2018-12-21T21:57:58+08:00 ] 113.120.5.17 GET manong.yaho.cc/index/member/add
[ sql ] [ DB ] CONNECT:[ UseTime:0.000387s ] mysql:host=127.0.0.1;port=3306;dbname=manong_yaho_cc;charset=utf8
[ sql ] [ SQL ] SHOW COLUMNS FROM `system_node` [ RunTime:0.003864s ]
[ sql ] [ SQL ] SELECT * FROM `system_node` WHERE  `node` = 'index/member/add' LIMIT 1 [ RunTime:0.000239s ]
[ sql ] [ SQL ] SHOW COLUMNS FROM `store_goods_cate` [ RunTime:0.003940s ]
[ sql ] [ SQL ] SELECT * FROM `store_goods_cate` WHERE  `pid` = 1 [ RunTime:0.000199s ]
[ sql ] [ SQL ] SHOW COLUMNS FROM `store_goods_brand` [ RunTime:0.002056s ]
[ sql ] [ SQL ] SELECT * FROM `store_goods_brand` [ RunTime:0.000154s ]
[ sql ] [ SQL ] SHOW COLUMNS FROM `store_language` [ RunTime:0.002029s ]
[ sql ] [ SQL ] SELECT * FROM `store_language` [ RunTime:0.000133s ]
[ sql ] [ SQL ] SHOW COLUMNS FROM `store_database` [ RunTime:0.002009s ]
[ sql ] [ SQL ] SELECT * FROM `store_database` [ RunTime:0.000131s ]
---------------------------------------------------------------
[ 2018-12-21T21:58:02+08:00 ] 113.120.5.17 POST manong.yaho.cc/index/Member/file_upload.html
[ sql ] [ DB ] CONNECT:[ UseTime:0.000368s ] mysql:host=127.0.0.1;port=3306;dbname=manong_yaho_cc;charset=utf8
[ sql ] [ SQL ] SHOW COLUMNS FROM `system_node` [ RunTime:0.004365s ]
[ sql ] [ SQL ] SELECT * FROM `system_node` WHERE  `node` = 'index/member/file_upload' LIMIT 1 [ RunTime:0.000595s ]
---------------------------------------------------------------
[ 2018-12-21T21:58:30+08:00 ] 113.120.5.17 POST manong.yaho.cc/index/Member/file_upload.html
[ sql ] [ DB ] CONNECT:[ UseTime:0.022799s ] mysql:host=127.0.0.1;port=3306;dbname=manong_yaho_cc;charset=utf8
[ sql ] [ SQL ] SHOW COLUMNS FROM `system_node` [ RunTime:0.252574s ]
[ sql ] [ SQL ] SELECT * FROM `system_node` WHERE  `node` = 'index/member/file_upload' LIMIT 1 [ RunTime:0.010017s ]
---------------------------------------------------------------
[ 2018-12-21T22:07:13+08:00 ] 182.32.29.7 GET manong.yaho.cc/index/member/add
[ sql ] [ DB ] CONNECT:[ UseTime:0.007498s ] mysql:host=127.0.0.1;port=3306;dbname=manong_yaho_cc;charset=utf8
[ sql ] [ SQL ] SHOW COLUMNS FROM `system_node` [ RunTime:0.005726s ]
[ sql ] [ SQL ] SELECT * FROM `system_node` WHERE  `node` = 'index/member/add' LIMIT 1 [ RunTime:0.023804s ]
[ sql ] [ SQL ] SHOW COLUMNS FROM `store_goods_cate` [ RunTime:0.004063s ]
[ sql ] [ SQL ] SELECT * FROM `store_goods_cate` WHERE  `pid` = 1 [ RunTime:0.001924s ]
[ sql ] [ SQL ] SHOW COLUMNS FROM `store_goods_brand` [ RunTime:0.002571s ]
[ sql ] [ SQL ] SELECT * FROM `store_goods_brand` [ RunTime:0.000296s ]
[ sql ] [ SQL ] SHOW COLUMNS FROM `store_language` [ RunTime:0.002516s ]
[ sql ] [ SQL ] SELECT * FROM `store_language` [ RunTime:0.000236s ]
[ sql ] [ SQL ] SHOW COLUMNS FROM `store_database` [ RunTime:0.002457s ]
[ sql ] [ SQL ] SELECT * FROM `store_database` [ RunTime:0.000294s ]
---------------------------------------------------------------
[ 2018-12-21T22:07:17+08:00 ] 182.32.29.7 POST manong.yaho.cc/index/Member/file_upload.html
[ sql ] [ DB ] CONNECT:[ UseTime:0.000362s ] mysql:host=127.0.0.1;port=3306;dbname=manong_yaho_cc;charset=utf8
[ sql ] [ SQL ] SHOW COLUMNS FROM `system_node` [ RunTime:0.003769s ]
[ sql ] [ SQL ] SELECT * FROM `system_node` WHERE  `node` = 'index/member/file_upload' LIMIT 1 [ RunTime:0.000382s ]
---------------------------------------------------------------
[ 2018-12-21T22:07:45+08:00 ] 182.32.29.7 GET manong.yaho.cc/index/member/add
[ sql ] [ DB ] CONNECT:[ UseTime:0.000472s ] mysql:host=127.0.0.1;port=3306;dbname=manong_yaho_cc;charset=utf8
[ sql ] [ SQL ] SHOW COLUMNS FROM `system_node` [ RunTime:0.003816s ]
[ sql ] [ SQL ] SELECT * FROM `system_node` WHERE  `node` = 'index/member/add' LIMIT 1 [ RunTime:0.000246s ]
[ sql ] [ SQL ] SHOW COLUMNS FROM `store_goods_cate` [ RunTime:0.002116s ]
[ sql ] [ SQL ] SELECT * FROM `store_goods_cate` WHERE  `pid` = 1 [ RunTime:0.000165s ]
[ sql ] [ SQL ] SHOW COLUMNS FROM `store_goods_brand` [ RunTime:0.002074s ]
[ sql ] [ SQL ] SELECT * FROM `store_goods_brand` [ RunTime:0.000144s ]
[ sql ] [ SQL ] SHOW COLUMNS FROM `store_language` [ RunTime:0.002047s ]
[ sql ] [ SQL ] SELECT * FROM `store_language` [ RunTime:0.000133s ]
[ sql ] [ SQL ] SHOW COLUMNS FROM `store_database` [ RunTime:0.002039s ]
[ sql ] [ SQL ] SELECT * FROM `store_database` [ RunTime:0.000133s ]
---------------------------------------------------------------
[ 2018-12-21T22:07:48+08:00 ] 182.32.29.7 POST manong.yaho.cc/index/Member/file_upload.html
[ sql ] [ DB ] CONNECT:[ UseTime:0.000370s ] mysql:host=127.0.0.1;port=3306;dbname=manong_yaho_cc;charset=utf8
[ sql ] [ SQL ] SHOW COLUMNS FROM `system_node` [ RunTime:0.003727s ]
[ sql ] [ SQL ] SELECT * FROM `system_node` WHERE  `node` = 'index/member/file_upload' LIMIT 1 [ RunTime:0.000226s ]
---------------------------------------------------------------
[ 2018-12-21T22:07:49+08:00 ] 182.32.29.7 GET manong.yaho.cc/index/Member/file_upload.html
[ sql ] [ DB ] CONNECT:[ UseTime:0.000344s ] mysql:host=127.0.0.1;port=3306;dbname=manong_yaho_cc;charset=utf8
[ sql ] [ SQL ] SHOW COLUMNS FROM `system_node` [ RunTime:0.005835s ]
[ sql ] [ SQL ] SELECT * FROM `system_node` WHERE  `node` = 'index/member/file_upload' LIMIT 1 [ RunTime:0.000215s ]
---------------------------------------------------------------
[ 2018-12-21T22:08:02+08:00 ] 182.32.29.7 GET manong.yaho.cc/index/member/add
[ sql ] [ DB ] CONNECT:[ UseTime:0.000536s ] mysql:host=127.0.0.1;port=3306;dbname=manong_yaho_cc;charset=utf8
[ sql ] [ SQL ] SHOW COLUMNS FROM `system_node` [ RunTime:0.004037s ]
[ sql ] [ SQL ] SELECT * FROM `system_node` WHERE  `node` = 'index/member/add' LIMIT 1 [ RunTime:0.000206s ]
[ sql ] [ SQL ] SHOW COLUMNS FROM `store_goods_cate` [ RunTime:0.002130s ]
[ sql ] [ SQL ] SELECT * FROM `store_goods_cate` WHERE  `pid` = 1 [ RunTime:0.000216s ]
[ sql ] [ SQL ] SHOW COLUMNS FROM `store_goods_brand` [ RunTime:0.002119s ]
[ sql ] [ SQL ] SELECT * FROM `store_goods_brand` [ RunTime:0.000168s ]
[ sql ] [ SQL ] SHOW COLUMNS FROM `store_language` [ RunTime:0.002072s ]
[ sql ] [ SQL ] SELECT * FROM `store_language` [ RunTime:0.000133s ]
[ sql ] [ SQL ] SHOW COLUMNS FROM `store_database` [ RunTime:0.002130s ]
[ sql ] [ SQL ] SELECT * FROM `store_database` [ RunTime:0.000170s ]
---------------------------------------------------------------
[ 2018-12-21T22:08:06+08:00 ] 182.32.29.7 POST manong.yaho.cc/index/Member/file_upload.html
[ sql ] [ DB ] CONNECT:[ UseTime:0.000277s ] mysql:host=127.0.0.1;port=3306;dbname=manong_yaho_cc;charset=utf8
[ sql ] [ SQL ] SHOW COLUMNS FROM `system_node` [ RunTime:0.003782s ]
[ sql ] [ SQL ] SELECT * FROM `system_node` WHERE  `node` = 'index/member/file_upload' LIMIT 1 [ RunTime:0.000210s ]
---------------------------------------------------------------
[ 2018-12-21T22:08:17+08:00 ] 182.32.29.7 GET manong.yaho.cc/index/member/add
[ sql ] [ DB ] CONNECT:[ UseTime:0.000324s ] mysql:host=127.0.0.1;port=3306;dbname=manong_yaho_cc;charset=utf8
[ sql ] [ SQL ] SHOW COLUMNS FROM `system_node` [ RunTime:0.003771s ]
[ sql ] [ SQL ] SELECT * FROM `system_node` WHERE  `node` = 'index/member/add' LIMIT 1 [ RunTime:0.000218s ]
[ sql ] [ SQL ] SHOW COLUMNS FROM `store_goods_cate` [ RunTime:0.002201s ]
[ sql ] [ SQL ] SELECT * FROM `store_goods_cate` WHERE  `pid` = 1 [ RunTime:0.000175s ]
[ sql ] [ SQL ] SHOW COLUMNS FROM `store_goods_brand` [ RunTime:0.002173s ]
[ sql ] [ SQL ] SELECT * FROM `store_goods_brand` [ RunTime:0.000175s ]
[ sql ] [ SQL ] SHOW COLUMNS FROM `store_language` [ RunTime:0.002157s ]
[ sql ] [ SQL ] SELECT * FROM `store_language` [ RunTime:0.000136s ]
[ sql ] [ SQL ] SHOW COLUMNS FROM `store_database` [ RunTime:0.002130s ]
[ sql ] [ SQL ] SELECT * FROM `store_database` [ RunTime:0.000136s ]
---------------------------------------------------------------
[ 2018-12-21T22:08:20+08:00 ] 182.32.29.7 POST manong.yaho.cc/index/Member/file_upload.html
[ sql ] [ DB ] CONNECT:[ UseTime:0.000342s ] mysql:host=127.0.0.1;port=3306;dbname=manong_yaho_cc;charset=utf8
[ sql ] [ SQL ] SHOW COLUMNS FROM `system_node` [ RunTime:0.003861s ]
[ sql ] [ SQL ] SELECT * FROM `system_node` WHERE  `node` = 'index/member/file_upload' LIMIT 1 [ RunTime:0.000232s ]
---------------------------------------------------------------
[ 2018-12-21T22:08:21+08:00 ] 182.32.29.7 GET manong.yaho.cc/index/Member/file_upload.html
[ sql ] [ DB ] CONNECT:[ UseTime:0.000370s ] mysql:host=127.0.0.1;port=3306;dbname=manong_yaho_cc;charset=utf8
[ sql ] [ SQL ] SHOW COLUMNS FROM `system_node` [ RunTime:0.003863s ]
[ sql ] [ SQL ] SELECT * FROM `system_node` WHERE  `node` = 'index/member/file_upload' LIMIT 1 [ RunTime:0.000197s ]
---------------------------------------------------------------
[ 2018-12-21T22:08:38+08:00 ] 182.32.29.7 GET manong.yaho.cc/index/member/add
[ sql ] [ DB ] CONNECT:[ UseTime:0.000377s ] mysql:host=127.0.0.1;port=3306;dbname=manong_yaho_cc;charset=utf8
[ sql ] [ SQL ] SHOW COLUMNS FROM `system_node` [ RunTime:0.003676s ]
[ sql ] [ SQL ] SELECT * FROM `system_node` WHERE  `node` = 'index/member/add' LIMIT 1 [ RunTime:0.000231s ]
[ sql ] [ SQL ] SHOW COLUMNS FROM `store_goods_cate` [ RunTime:0.004077s ]
[ sql ] [ SQL ] SELECT * FROM `store_goods_cate` WHERE  `pid` = 1 [ RunTime:0.000199s ]
[ sql ] [ SQL ] SHOW COLUMNS FROM `store_goods_brand` [ RunTime:0.002378s ]
[ sql ] [ SQL ] SELECT * FROM `store_goods_brand` [ RunTime:0.000180s ]
[ sql ] [ SQL ] SHOW COLUMNS FROM `store_language` [ RunTime:0.002251s ]
[ sql ] [ SQL ] SELECT * FROM `store_language` [ RunTime:0.000140s ]
[ sql ] [ SQL ] SHOW COLUMNS FROM `store_database` [ RunTime:0.002260s ]
[ sql ] [ SQL ] SELECT * FROM `store_database` [ RunTime:0.000143s ]
---------------------------------------------------------------
[ 2018-12-21T22:08:45+08:00 ] 182.32.29.7 POST manong.yaho.cc/index/Member/file_upload.html
[ sql ] [ DB ] CONNECT:[ UseTime:0.000343s ] mysql:host=127.0.0.1;port=3306;dbname=manong_yaho_cc;charset=utf8
[ sql ] [ SQL ] SHOW COLUMNS FROM `system_node` [ RunTime:0.003621s ]
[ sql ] [ SQL ] SELECT * FROM `system_node` WHERE  `node` = 'index/member/file_upload' LIMIT 1 [ RunTime:0.000235s ]
