---------------------------------------------------------------
[ 2018-12-29T02:52:12+08:00 ] 58.246.221.142 GET manong.yaho.cc/
[ sql ] [ DB ] CONNECT:[ UseTime:0.061121s ] mysql:host=127.0.0.1;port=3306;dbname=manong_yaho_cc;charset=utf8
[ sql ] [ SQL ] SHOW COLUMNS FROM `system_node` [ RunTime:0.319181s ]
[ sql ] [ SQL ] SELECT * FROM `system_node` WHERE  `node` = 'index/index/index' LIMIT 1 [ RunTime:0.020472s ]
[ sql ] [ SQL ] SHOW COLUMNS FROM `store_goods_cate` [ RunTime:0.067643s ]
[ sql ] [ SQL ] SELECT * FROM `store_goods_cate` WHERE  `pid` = 0 [ RunTime:0.009807s ]
[ sql ] [ SQL ] SELECT * FROM `store_goods_cate` WHERE  `pid` = 1 [ RunTime:0.000459s ]
[ sql ] [ SQL ] SHOW COLUMNS FROM `store_goods` [ RunTime:0.017131s ]
[ sql ] [ SQL ] SELECT * FROM `store_goods` WHERE  `pid` = 1  AND `status` = 1 ORDER BY `recommend` ASC [ RunTime:0.041321s ]
[ sql ] [ SQL ] SELECT * FROM `store_goods` WHERE  `pid` = 2  AND `status` = 1 ORDER BY `recommend` ASC [ RunTime:0.000266s ]
[ sql ] [ SQL ] SELECT * FROM `store_goods` WHERE  `pid` = 3  AND `status` = 1 ORDER BY `recommend` ASC [ RunTime:0.000241s ]
[ sql ] [ SQL ] SELECT * FROM `store_goods` WHERE  `pid` = 4  AND `status` = 1 ORDER BY `recommend` ASC [ RunTime:0.000690s ]
[ sql ] [ SQL ] SELECT * FROM `store_goods` WHERE  `pid` = 5  AND `status` = 1 ORDER BY `recommend` ASC [ RunTime:0.000877s ]
[ sql ] [ SQL ] SELECT * FROM `store_goods` WHERE  `pid` = 6  AND `status` = 1 ORDER BY `recommend` ASC [ RunTime:0.010632s ]
[ sql ] [ SQL ] SHOW COLUMNS FROM `dy_users` [ RunTime:0.018928s ]
[ sql ] [ SQL ] SELECT * FROM `dy_users` WHERE  `id` IS NULL LIMIT 1 [ RunTime:0.007529s ]
[ sql ] [ SQL ] SELECT * FROM `store_goods_cate` WHERE  `pid` = 0  AND `status` = 1  AND `is_deleted` = 0 [ RunTime:0.000193s ]
---------------------------------------------------------------
[ 2018-12-29T02:52:12+08:00 ] 61.129.8.250 GET manong.yaho.cc/?nsukey=FsaEOU11EexdWStYZxlRKLIWnMpu1BaubGQRQ7ufEb2BkfFn3FWxK8zPw2FkFpyMPfyqma8DA2BRvgE5FedD52BQLBjv2Bgno03EhWNOd5VP2LVVFI7K8658fzGgD2DynDo33JjPQx0qRNkIHAwgGhFMPb1VVRrOM3alA2WyDneqXSdlJkJ2FaMBz8cCnJEN37Kps2F1zydo5kKD57ghVI5TdkbZQ3D3D
[ sql ] [ DB ] CONNECT:[ UseTime:0.060876s ] mysql:host=127.0.0.1;port=3306;dbname=manong_yaho_cc;charset=utf8
[ sql ] [ SQL ] SHOW COLUMNS FROM `system_node` [ RunTime:0.319011s ]
[ sql ] [ SQL ] SELECT * FROM `system_node` WHERE  `node` = 'index/index/index' LIMIT 1 [ RunTime:0.031274s ]
[ sql ] [ SQL ] SHOW COLUMNS FROM `store_goods_cate` [ RunTime:0.067916s ]
[ sql ] [ SQL ] SELECT * FROM `store_goods_cate` WHERE  `pid` = 0 [ RunTime:0.022364s ]
[ sql ] [ SQL ] SELECT * FROM `store_goods_cate` WHERE  `pid` = 1 [ RunTime:0.000196s ]
[ sql ] [ SQL ] SHOW COLUMNS FROM `store_goods` [ RunTime:0.004512s ]
[ sql ] [ SQL ] SELECT * FROM `store_goods` WHERE  `pid` = 1  AND `status` = 1 ORDER BY `recommend` ASC [ RunTime:0.048294s ]
[ sql ] [ SQL ] SELECT * FROM `store_goods` WHERE  `pid` = 2  AND `status` = 1 ORDER BY `recommend` ASC [ RunTime:0.000586s ]
[ sql ] [ SQL ] SELECT * FROM `store_goods` WHERE  `pid` = 3  AND `status` = 1 ORDER BY `recommend` ASC [ RunTime:0.000305s ]
[ sql ] [ SQL ] SELECT * FROM `store_goods` WHERE  `pid` = 4  AND `status` = 1 ORDER BY `recommend` ASC [ RunTime:0.000502s ]
[ sql ] [ SQL ] SELECT * FROM `store_goods` WHERE  `pid` = 5  AND `status` = 1 ORDER BY `recommend` ASC [ RunTime:0.000230s ]
[ sql ] [ SQL ] SELECT * FROM `store_goods` WHERE  `pid` = 6  AND `status` = 1 ORDER BY `recommend` ASC [ RunTime:0.012026s ]
[ sql ] [ SQL ] SHOW COLUMNS FROM `dy_users` [ RunTime:0.015092s ]
[ sql ] [ SQL ] SELECT * FROM `dy_users` WHERE  `id` IS NULL LIMIT 1 [ RunTime:0.005878s ]
[ sql ] [ SQL ] SELECT * FROM `store_goods_cate` WHERE  `pid` = 0  AND `status` = 1  AND `is_deleted` = 0 [ RunTime:0.000504s ]
---------------------------------------------------------------
[ 2018-12-29T02:52:12+08:00 ] 183.192.201.97 GET manong.yaho.cc/
[ sql ] [ DB ] CONNECT:[ UseTime:0.062447s ] mysql:host=127.0.0.1;port=3306;dbname=manong_yaho_cc;charset=utf8
[ sql ] [ SQL ] SHOW COLUMNS FROM `system_node` [ RunTime:0.319584s ]
[ sql ] [ SQL ] SELECT * FROM `system_node` WHERE  `node` = 'index/index/index' LIMIT 1 [ RunTime:0.014361s ]
[ sql ] [ SQL ] SHOW COLUMNS FROM `store_goods_cate` [ RunTime:0.067633s ]
[ sql ] [ SQL ] SELECT * FROM `store_goods_cate` WHERE  `pid` = 0 [ RunTime:0.009792s ]
[ sql ] [ SQL ] SELECT * FROM `store_goods_cate` WHERE  `pid` = 1 [ RunTime:0.000855s ]
[ sql ] [ SQL ] SHOW COLUMNS FROM `store_goods` [ RunTime:0.011989s ]
[ sql ] [ SQL ] SELECT * FROM `store_goods` WHERE  `pid` = 1  AND `status` = 1 ORDER BY `recommend` ASC [ RunTime:0.003388s ]
[ sql ] [ SQL ] SELECT * FROM `store_goods` WHERE  `pid` = 2  AND `status` = 1 ORDER BY `recommend` ASC [ RunTime:0.000464s ]
[ sql ] [ SQL ] SELECT * FROM `store_goods` WHERE  `pid` = 3  AND `status` = 1 ORDER BY `recommend` ASC [ RunTime:0.019666s ]
[ sql ] [ SQL ] SELECT * FROM `store_goods` WHERE  `pid` = 4  AND `status` = 1 ORDER BY `recommend` ASC [ RunTime:0.013418s ]
[ sql ] [ SQL ] SELECT * FROM `store_goods` WHERE  `pid` = 5  AND `status` = 1 ORDER BY `recommend` ASC [ RunTime:0.000525s ]
[ sql ] [ SQL ] SELECT * FROM `store_goods` WHERE  `pid` = 6  AND `status` = 1 ORDER BY `recommend` ASC [ RunTime:0.013772s ]
[ sql ] [ SQL ] SHOW COLUMNS FROM `dy_users` [ RunTime:0.015305s ]
[ sql ] [ SQL ] SELECT * FROM `dy_users` WHERE  `id` IS NULL LIMIT 1 [ RunTime:0.006349s ]
[ sql ] [ SQL ] SELECT * FROM `store_goods_cate` WHERE  `pid` = 0  AND `status` = 1  AND `is_deleted` = 0 [ RunTime:0.000240s ]
---------------------------------------------------------------
[ 2018-12-29T02:52:14+08:00 ] 101.226.225.59 GET manong.yaho.cc/index.php?c=api&m=html&name=user&format=jsonp&callback=jQuery111105970796428155154_1546023132606&_=1546023132607
[ sql ] [ DB ] CONNECT:[ UseTime:0.374015s ] mysql:host=127.0.0.1;port=3306;dbname=manong_yaho_cc;charset=utf8
[ sql ] [ SQL ] SHOW COLUMNS FROM `system_node` [ RunTime:0.037665s ]
[ sql ] [ SQL ] SELECT * FROM `system_node` WHERE  `node` = 'index/index/index' LIMIT 1 [ RunTime:0.004096s ]
[ sql ] [ SQL ] SHOW COLUMNS FROM `store_goods_cate` [ RunTime:0.005102s ]
[ sql ] [ SQL ] SELECT * FROM `store_goods_cate` WHERE  `pid` = 0 [ RunTime:0.000305s ]
[ sql ] [ SQL ] SELECT * FROM `store_goods_cate` WHERE  `pid` = 1 [ RunTime:0.000261s ]
[ sql ] [ SQL ] SHOW COLUMNS FROM `store_goods` [ RunTime:0.003228s ]
[ sql ] [ SQL ] SELECT * FROM `store_goods` WHERE  `pid` = 1  AND `status` = 1 ORDER BY `recommend` ASC [ RunTime:0.002656s ]
[ sql ] [ SQL ] SELECT * FROM `store_goods` WHERE  `pid` = 2  AND `status` = 1 ORDER BY `recommend` ASC [ RunTime:0.000363s ]
[ sql ] [ SQL ] SELECT * FROM `store_goods` WHERE  `pid` = 3  AND `status` = 1 ORDER BY `recommend` ASC [ RunTime:0.000351s ]
[ sql ] [ SQL ] SELECT * FROM `store_goods` WHERE  `pid` = 4  AND `status` = 1 ORDER BY `recommend` ASC [ RunTime:0.000344s ]
[ sql ] [ SQL ] SELECT * FROM `store_goods` WHERE  `pid` = 5  AND `status` = 1 ORDER BY `recommend` ASC [ RunTime:0.000347s ]
[ sql ] [ SQL ] SELECT * FROM `store_goods` WHERE  `pid` = 6  AND `status` = 1 ORDER BY `recommend` ASC [ RunTime:0.000899s ]
[ sql ] [ SQL ] SHOW COLUMNS FROM `dy_users` [ RunTime:0.005111s ]
[ sql ] [ SQL ] SELECT * FROM `dy_users` WHERE  `id` IS NULL LIMIT 1 [ RunTime:0.000269s ]
[ sql ] [ SQL ] SELECT * FROM `store_goods_cate` WHERE  `pid` = 0  AND `status` = 1  AND `is_deleted` = 0 [ RunTime:0.000258s ]
---------------------------------------------------------------
[ 2018-12-29T02:52:14+08:00 ] 183.36.112.205 GET manong.yaho.cc/?nsukey=n5pzmYW6v07f9HYc2BkLsQeYIW0kv2872Bdg0SoVHFYCz7lG8pKE5fiB2BH8gFnOoR1IsYl0iok42FwtsYvNa8Dn89MZnPAyqzFDBoSEoL3s8u9U3edMfjVcwPQnbAnyLVtg2u2FP4YJWqpgg6dt8ORdR4Wj2FtSzfvK24v5ZiV2S6ymIqgvuPv59z1zERavdIekGVydeLNIPgOt2UJNFKmGYIOA3D3D
[ sql ] [ DB ] CONNECT:[ UseTime:0.049401s ] mysql:host=127.0.0.1;port=3306;dbname=manong_yaho_cc;charset=utf8
[ sql ] [ SQL ] SHOW COLUMNS FROM `system_node` [ RunTime:0.225902s ]
[ sql ] [ SQL ] SELECT * FROM `system_node` WHERE  `node` = 'index/index/index' LIMIT 1 [ RunTime:0.120679s ]
[ sql ] [ SQL ] SHOW COLUMNS FROM `store_goods_cate` [ RunTime:0.004557s ]
[ sql ] [ SQL ] SELECT * FROM `store_goods_cate` WHERE  `pid` = 0 [ RunTime:0.020862s ]
[ sql ] [ SQL ] SELECT * FROM `store_goods_cate` WHERE  `pid` = 1 [ RunTime:0.000259s ]
[ sql ] [ SQL ] SHOW COLUMNS FROM `store_goods` [ RunTime:0.004462s ]
[ sql ] [ SQL ] SELECT * FROM `store_goods` WHERE  `pid` = 1  AND `status` = 1 ORDER BY `recommend` ASC [ RunTime:0.003597s ]
[ sql ] [ SQL ] SELECT * FROM `store_goods` WHERE  `pid` = 2  AND `status` = 1 ORDER BY `recommend` ASC [ RunTime:0.000243s ]
[ sql ] [ SQL ] SELECT * FROM `store_goods` WHERE  `pid` = 3  AND `status` = 1 ORDER BY `recommend` ASC [ RunTime:0.018985s ]
[ sql ] [ SQL ] SELECT * FROM `store_goods` WHERE  `pid` = 4  AND `status` = 1 ORDER BY `recommend` ASC [ RunTime:0.003353s ]
[ sql ] [ SQL ] SELECT * FROM `store_goods` WHERE  `pid` = 5  AND `status` = 1 ORDER BY `recommend` ASC [ RunTime:0.006667s ]
[ sql ] [ SQL ] SELECT * FROM `store_goods` WHERE  `pid` = 6  AND `status` = 1 ORDER BY `recommend` ASC [ RunTime:0.000626s ]
[ sql ] [ SQL ] SHOW COLUMNS FROM `dy_users` [ RunTime:0.004081s ]
[ sql ] [ SQL ] SELECT * FROM `dy_users` WHERE  `id` IS NULL LIMIT 1 [ RunTime:0.000176s ]
[ sql ] [ SQL ] SELECT * FROM `store_goods_cate` WHERE  `pid` = 0  AND `status` = 1  AND `is_deleted` = 0 [ RunTime:0.000172s ]
---------------------------------------------------------------
[ 2018-12-29T02:52:15+08:00 ] 14.116.133.171 GET manong.yaho.cc/index.php?c=api&m=html&name=user&format=jsonp&callback=jQuery111104365815839264542_1546023135129&_=1546023135130
[ sql ] [ DB ] CONNECT:[ UseTime:0.000346s ] mysql:host=127.0.0.1;port=3306;dbname=manong_yaho_cc;charset=utf8
[ sql ] [ SQL ] SHOW COLUMNS FROM `system_node` [ RunTime:0.004063s ]
[ sql ] [ SQL ] SELECT * FROM `system_node` WHERE  `node` = 'index/index/index' LIMIT 1 [ RunTime:0.000232s ]
[ sql ] [ SQL ] SHOW COLUMNS FROM `store_goods_cate` [ RunTime:0.002486s ]
[ sql ] [ SQL ] SELECT * FROM `store_goods_cate` WHERE  `pid` = 0 [ RunTime:0.000188s ]
[ sql ] [ SQL ] SELECT * FROM `store_goods_cate` WHERE  `pid` = 1 [ RunTime:0.000171s ]
[ sql ] [ SQL ] SHOW COLUMNS FROM `store_goods` [ RunTime:0.002427s ]
[ sql ] [ SQL ] SELECT * FROM `store_goods` WHERE  `pid` = 1  AND `status` = 1 ORDER BY `recommend` ASC [ RunTime:0.000368s ]
[ sql ] [ SQL ] SELECT * FROM `store_goods` WHERE  `pid` = 2  AND `status` = 1 ORDER BY `recommend` ASC [ RunTime:0.000266s ]
[ sql ] [ SQL ] SELECT * FROM `store_goods` WHERE  `pid` = 3  AND `status` = 1 ORDER BY `recommend` ASC [ RunTime:0.000228s ]
[ sql ] [ SQL ] SELECT * FROM `store_goods` WHERE  `pid` = 4  AND `status` = 1 ORDER BY `recommend` ASC [ RunTime:0.000210s ]
[ sql ] [ SQL ] SELECT * FROM `store_goods` WHERE  `pid` = 5  AND `status` = 1 ORDER BY `recommend` ASC [ RunTime:0.000247s ]
[ sql ] [ SQL ] SELECT * FROM `store_goods` WHERE  `pid` = 6  AND `status` = 1 ORDER BY `recommend` ASC [ RunTime:0.000542s ]
[ sql ] [ SQL ] SHOW COLUMNS FROM `dy_users` [ RunTime:0.002373s ]
[ sql ] [ SQL ] SELECT * FROM `dy_users` WHERE  `id` IS NULL LIMIT 1 [ RunTime:0.000163s ]
[ sql ] [ SQL ] SELECT * FROM `store_goods_cate` WHERE  `pid` = 0  AND `status` = 1  AND `is_deleted` = 0 [ RunTime:0.000204s ]
